[2024-06-18 07:22:54] local.INFO: auth_user_info START  
[2024-06-18 07:22:54] local.INFO: auth_user_info END  
[2024-06-18 07:22:54] local.INFO: auth login redirectTo user = stdClass Object
(
    [id] => 12
    [name] => 山本 美咲
    [email] => user12@gmail.com
    [email_verified_at] => 
    [organization_id] => 1
    [user_id] => 3
    [login_flg] => 1
    [admin_flg] => 1
    [created_at] => 2023-09-28T16:00:00.000000Z
    [updated_at] => 2024-05-27T03:11:12.000000Z
    [deleted_at] => 
)
  
[2024-06-18 07:22:54] local.INFO: loginout operation update START  
[2024-06-18 07:22:55] local.INFO: beginTransaction - loginout operation update start  
[2024-06-18 07:22:55] local.INFO: beginTransaction - loginout operation update end(commit)  
[2024-06-18 07:22:55] local.INFO: loginout operation update END  
[2024-06-18 07:22:58] local.INFO: auth_user_info START  
[2024-06-18 07:22:58] local.INFO: auth_user_info END  
[2024-06-18 07:22:58] local.INFO: topclient index START $user->name = 山本 美咲  
[2024-06-18 07:22:58] local.INFO: auth_customer_findrec START  
[2024-06-18 07:22:58] local.INFO: auth_customer_findrec START $u_id = 12  
[2024-06-18 07:22:58] local.INFO: auth_customer_findrec END $u_id = 12  
[2024-06-18 07:22:58] local.INFO: auth_customer_findrec END  
[2024-06-18 07:22:58] local.INFO: get_three_month START  
[2024-06-18 07:22:58] local.INFO: get_three_month END  
[2024-06-18 07:22:58] local.INFO: topclient index END $user->name = 山本 美咲  
