[2024-06-22 19:14:43] local.INFO: auth_user_info START  
[2024-06-22 19:14:43] local.INFO: auth_user_info END  
[2024-06-22 19:14:43] local.INFO: auth login redirectTo user = stdClass Object
(
    [id] => 16
    [name] => 高橋 さくら
    [email] => user16@gmail.com
    [email_verified_at] => 
    [organization_id] => 1
    [user_id] => 16
    [login_flg] => 1
    [admin_flg] => 1
    [created_at] => 2023-09-28T16:00:00.000000Z
    [updated_at] => 2024-06-18T01:52:10.000000Z
    [deleted_at] => 
)
  
[2024-06-22 19:14:43] local.INFO: loginout operation update START  
[2024-06-22 19:14:43] local.INFO: beginTransaction - loginout operation update start  
[2024-06-22 19:14:44] local.INFO: beginTransaction - loginout operation update end(commit)  
[2024-06-22 19:14:44] local.INFO: loginout operation update END  
[2024-06-22 19:14:46] local.INFO: auth_user_info START  
[2024-06-22 19:14:46] local.INFO: auth_user_info END  
[2024-06-22 19:14:46] local.INFO: topclient index START $user->name = 高橋 さくら  
[2024-06-22 19:14:47] local.INFO: topclient index END $user->name = 高橋 さくら  
[2024-06-22 19:14:52] local.INFO: ChatClientController index START  
[2024-06-22 19:14:52] local.INFO: auth_user_info START  
[2024-06-22 19:14:52] local.INFO: auth_user_info END  
[2024-06-22 19:14:52] local.INFO: auth_customer_allrec START  
[2024-06-22 19:14:52] local.INFO: auth_customer_findrec END  
[2024-06-22 19:14:52] local.INFO: ChatClientController index END  
[2024-06-22 19:14:55] local.INFO: Ajax ChatClientController index START  
[2024-06-22 19:14:55] local.DEBUG: Ajax ChatClientController index  $user_id = 16  
[2024-06-22 19:14:55] local.INFO: Ajax ChatClientController index END  
[2024-06-22 19:15:39] local.INFO: ChatClientController index START  
[2024-06-22 19:15:39] local.INFO: auth_user_info START  
[2024-06-22 19:15:39] local.INFO: auth_user_info END  
[2024-06-22 19:15:39] local.INFO: auth_customer_allrec START  
[2024-06-22 19:15:40] local.INFO: auth_customer_findrec END  
[2024-06-22 19:15:40] local.INFO: ChatClientController index END  
[2024-06-22 19:15:42] local.INFO: Ajax ChatClientController index START  
[2024-06-22 19:15:42] local.DEBUG: Ajax ChatClientController index  $user_id = 16  
[2024-06-22 19:15:42] local.INFO: Ajax ChatClientController index END  
[2024-06-22 19:27:14] local.INFO: ChatClientController index START  
[2024-06-22 19:27:14] local.INFO: auth_user_info START  
[2024-06-22 19:27:14] local.INFO: auth_user_info END  
[2024-06-22 19:27:14] local.INFO: auth_customer_allrec START  
[2024-06-22 19:27:14] local.INFO: auth_customer_findrec END  
[2024-06-22 19:27:14] local.INFO: ChatClientController index END  
[2024-06-22 19:27:17] local.INFO: Ajax ChatClientController index START  
[2024-06-22 19:27:17] local.DEBUG: Ajax ChatClientController index  $user_id = 16  
[2024-06-22 19:27:17] local.INFO: Ajax ChatClientController index END  
[2024-06-22 19:30:03] local.INFO: ChatClientController index START  
[2024-06-22 19:30:03] local.INFO: auth_user_info START  
[2024-06-22 19:30:03] local.INFO: auth_user_info END  
[2024-06-22 19:30:03] local.INFO: auth_customer_allrec START  
[2024-06-22 19:30:03] local.INFO: auth_customer_findrec END  
[2024-06-22 19:30:03] local.INFO: ChatClientController index END  
[2024-06-22 19:30:06] local.INFO: Ajax ChatClientController index START  
[2024-06-22 19:30:06] local.DEBUG: Ajax ChatClientController index  $user_id = 16  
[2024-06-22 19:30:06] local.INFO: Ajax ChatClientController index END  
[2024-06-22 19:32:45] local.INFO: ChatClientController index START  
[2024-06-22 19:32:45] local.INFO: auth_user_info START  
[2024-06-22 19:32:45] local.INFO: auth_user_info END  
[2024-06-22 19:32:45] local.INFO: auth_customer_allrec START  
[2024-06-22 19:32:45] local.INFO: auth_customer_findrec END  
[2024-06-22 19:32:45] local.INFO: ChatClientController index END  
[2024-06-22 19:32:50] local.INFO: Ajax ChatClientController index START  
[2024-06-22 19:32:50] local.DEBUG: Ajax ChatClientController index  $user_id = 16  
[2024-06-22 19:32:50] local.INFO: Ajax ChatClientController index END  
[2024-06-22 19:34:02] local.INFO: ChatClientController index START  
[2024-06-22 19:34:02] local.INFO: auth_user_info START  
[2024-06-22 19:34:02] local.INFO: auth_user_info END  
[2024-06-22 19:34:02] local.INFO: auth_customer_allrec START  
[2024-06-22 19:34:02] local.INFO: auth_customer_findrec END  
[2024-06-22 19:34:02] local.INFO: ChatClientController index END  
[2024-06-22 19:34:06] local.INFO: Ajax ChatClientController index START  
[2024-06-22 19:34:06] local.DEBUG: Ajax ChatClientController index  $user_id = 16  
[2024-06-22 19:34:06] local.INFO: Ajax ChatClientController index END  
[2024-06-22 19:36:06] local.INFO: ChatClientController index START  
[2024-06-22 19:36:06] local.INFO: auth_user_info START  
[2024-06-22 19:36:06] local.INFO: auth_user_info END  
[2024-06-22 19:36:06] local.INFO: auth_customer_allrec START  
[2024-06-22 19:36:06] local.INFO: auth_customer_findrec END  
[2024-06-22 19:36:07] local.INFO: ChatClientController index END  
[2024-06-22 19:36:10] local.INFO: Ajax ChatClientController index START  
[2024-06-22 19:36:10] local.DEBUG: Ajax ChatClientController index  $user_id = 16  
[2024-06-22 19:36:10] local.INFO: Ajax ChatClientController index END  
[2024-06-22 19:37:12] local.INFO: ChatClientController index START  
[2024-06-22 19:37:12] local.INFO: auth_user_info START  
[2024-06-22 19:37:12] local.INFO: auth_user_info END  
[2024-06-22 19:37:12] local.INFO: auth_customer_allrec START  
[2024-06-22 19:37:12] local.INFO: auth_customer_findrec END  
[2024-06-22 19:37:12] local.INFO: ChatClientController index END  
[2024-06-22 19:37:15] local.INFO: Ajax ChatClientController index START  
[2024-06-22 19:37:15] local.DEBUG: Ajax ChatClientController index  $user_id = 16  
[2024-06-22 19:37:15] local.INFO: Ajax ChatClientController index END  
[2024-06-22 19:38:24] local.INFO: ChatClientController index START  
[2024-06-22 19:38:24] local.INFO: auth_user_info START  
[2024-06-22 19:38:24] local.INFO: auth_user_info END  
[2024-06-22 19:38:24] local.INFO: auth_customer_allrec START  
[2024-06-22 19:38:24] local.INFO: auth_customer_findrec END  
[2024-06-22 19:38:25] local.INFO: ChatClientController index END  
[2024-06-22 19:38:28] local.INFO: Ajax ChatClientController index START  
[2024-06-22 19:38:28] local.DEBUG: Ajax ChatClientController index  $user_id = 16  
[2024-06-22 19:38:28] local.INFO: Ajax ChatClientController index END  
[2024-06-22 19:40:30] local.INFO: ChatClientController index START  
[2024-06-22 19:40:30] local.INFO: auth_user_info START  
[2024-06-22 19:40:30] local.INFO: auth_user_info END  
[2024-06-22 19:40:30] local.INFO: auth_customer_allrec START  
[2024-06-22 19:40:31] local.INFO: auth_customer_findrec END  
[2024-06-22 19:40:31] local.INFO: ChatClientController index END  
[2024-06-22 19:40:34] local.INFO: Ajax ChatClientController index START  
[2024-06-22 19:40:34] local.DEBUG: Ajax ChatClientController index  $user_id = 16  
[2024-06-22 19:40:34] local.INFO: Ajax ChatClientController index END  
[2024-06-22 19:42:46] local.INFO: ChatClientController index START  
[2024-06-22 19:42:46] local.INFO: auth_user_info START  
[2024-06-22 19:42:46] local.INFO: auth_user_info END  
[2024-06-22 19:42:46] local.INFO: auth_customer_allrec START  
[2024-06-22 19:42:46] local.INFO: auth_customer_findrec END  
[2024-06-22 19:42:46] local.INFO: ChatClientController index END  
[2024-06-22 19:42:50] local.INFO: Ajax ChatClientController index START  
[2024-06-22 19:42:50] local.DEBUG: Ajax ChatClientController index  $user_id = 16  
[2024-06-22 19:42:50] local.INFO: Ajax ChatClientController index END  
[2024-06-22 19:46:22] local.INFO: ChatClientController index START  
[2024-06-22 19:46:22] local.INFO: auth_user_info START  
[2024-06-22 19:46:22] local.INFO: auth_user_info END  
[2024-06-22 19:46:22] local.INFO: auth_customer_allrec START  
[2024-06-22 19:46:22] local.INFO: auth_customer_findrec END  
[2024-06-22 19:46:22] local.INFO: ChatClientController index END  
[2024-06-22 19:46:26] local.INFO: Ajax ChatClientController index START  
[2024-06-22 19:46:26] local.DEBUG: Ajax ChatClientController index  $user_id = 16  
[2024-06-22 19:46:26] local.INFO: Ajax ChatClientController index END  
[2024-06-22 19:56:36] local.INFO: ChatClientController index START  
[2024-06-22 19:56:36] local.INFO: auth_user_info START  
[2024-06-22 19:56:36] local.INFO: auth_user_info END  
[2024-06-22 19:56:36] local.INFO: auth_customer_allrec START  
[2024-06-22 19:56:36] local.INFO: auth_customer_findrec END  
[2024-06-22 19:56:36] local.INFO: ChatClientController index END  
[2024-06-22 19:56:39] local.INFO: Ajax ChatClientController index START  
[2024-06-22 19:56:39] local.DEBUG: Ajax ChatClientController index  $customer_id =   
[2024-06-22 19:56:39] local.INFO: Ajax ChatClientController index END  
[2024-06-22 19:57:10] local.INFO: ChatClientController index START  
[2024-06-22 19:57:10] local.INFO: auth_user_info START  
[2024-06-22 19:57:10] local.INFO: auth_user_info END  
[2024-06-22 19:57:10] local.INFO: auth_customer_allrec START  
[2024-06-22 19:57:10] local.INFO: auth_customer_findrec END  
[2024-06-22 19:57:10] local.INFO: ChatClientController index END  
[2024-06-22 20:03:22] local.INFO: ChatClientController index START  
[2024-06-22 20:03:22] local.INFO: auth_user_info START  
[2024-06-22 20:03:22] local.INFO: auth_user_info END  
[2024-06-22 20:03:22] local.INFO: auth_customer_allrec START  
[2024-06-22 20:03:22] local.INFO: auth_customer_findrec END  
[2024-06-22 20:03:22] local.INFO: ChatClientController index END  
[2024-06-22 20:03:26] local.INFO: Ajax ChatClientController index START  
[2024-06-22 20:03:26] local.DEBUG: Ajax ChatClientController index  $customer_id =   
[2024-06-22 20:03:26] local.INFO: Ajax ChatClientController index END  
[2024-06-22 20:06:29] local.INFO: ChatClientController index START  
[2024-06-22 20:06:29] local.INFO: auth_user_info START  
[2024-06-22 20:06:29] local.INFO: auth_user_info END  
[2024-06-22 20:06:29] local.INFO: auth_customer_allrec START  
[2024-06-22 20:06:30] local.INFO: auth_customer_findrec END  
[2024-06-22 20:06:30] local.INFO: ChatClientController index END  
[2024-06-22 20:06:32] local.INFO: Ajax ChatClientController index START  
[2024-06-22 20:06:33] local.DEBUG: Ajax ChatClientController index  $customer_id =   
[2024-06-22 20:06:33] local.INFO: Ajax ChatClientController index END  
[2024-06-22 20:07:30] local.INFO: ChatClientController index START  
[2024-06-22 20:07:30] local.INFO: auth_user_info START  
[2024-06-22 20:07:30] local.INFO: auth_user_info END  
[2024-06-22 20:07:30] local.INFO: auth_customer_allrec START  
[2024-06-22 20:07:30] local.INFO: auth_customer_findrec END  
[2024-06-22 20:07:30] local.INFO: ChatClientController index END  
[2024-06-22 20:07:33] local.INFO: Ajax ChatClientController index START  
[2024-06-22 20:07:33] local.DEBUG: Ajax ChatClientController index  $customer_id =   
[2024-06-22 20:07:33] local.INFO: Ajax ChatClientController index END  
[2024-06-22 20:09:34] local.INFO: ChatClientController index START  
[2024-06-22 20:09:34] local.INFO: auth_user_info START  
[2024-06-22 20:09:34] local.INFO: auth_user_info END  
[2024-06-22 20:09:34] local.INFO: auth_customer_allrec START  
[2024-06-22 20:09:34] local.INFO: auth_customer_findrec END  
[2024-06-22 20:09:35] local.INFO: ChatClientController index END  
[2024-06-22 20:09:40] local.INFO: Ajax ChatClientController index START  
[2024-06-22 20:09:40] local.DEBUG: Ajax ChatClientController index  $customer_id =   
[2024-06-22 20:09:40] local.INFO: Ajax ChatClientController index END  
[2024-06-22 20:10:38] local.INFO: ChatClientController index START  
[2024-06-22 20:10:38] local.INFO: auth_user_info START  
[2024-06-22 20:10:38] local.INFO: auth_user_info END  
[2024-06-22 20:10:38] local.INFO: auth_customer_allrec START  
[2024-06-22 20:10:38] local.INFO: auth_customer_findrec END  
[2024-06-22 20:10:38] local.INFO: ChatClientController index END  
[2024-06-22 20:10:41] local.INFO: Ajax ChatClientController index START  
[2024-06-22 20:10:41] local.DEBUG: Ajax ChatClientController index  $customer_id =   
[2024-06-22 20:10:41] local.INFO: Ajax ChatClientController index END  
[2024-06-22 20:13:45] local.INFO: ChatClientController index START  
[2024-06-22 20:13:45] local.INFO: auth_user_info START  
[2024-06-22 20:13:45] local.INFO: auth_user_info END  
[2024-06-22 20:13:45] local.INFO: auth_customer_allrec START  
[2024-06-22 20:13:45] local.INFO: auth_customer_findrec END  
[2024-06-22 20:13:45] local.INFO: ChatClientController index END  
[2024-06-22 20:13:49] local.INFO: Ajax ChatClientController index START  
[2024-06-22 20:13:49] local.DEBUG: Ajax ChatClientController index  $customer_id = 16  
[2024-06-22 20:13:49] local.INFO: Ajax ChatClientController index END  
[2024-06-22 20:15:20] local.INFO: ChatClientController index START  
[2024-06-22 20:15:20] local.INFO: auth_user_info START  
[2024-06-22 20:15:20] local.INFO: auth_user_info END  
[2024-06-22 20:15:20] local.INFO: auth_customer_allrec START  
[2024-06-22 20:15:20] local.INFO: auth_customer_findrec END  
[2024-06-22 20:15:20] local.INFO: ChatClientController index END  
[2024-06-22 20:15:23] local.INFO: Ajax ChatClientController index START  
[2024-06-22 20:15:23] local.DEBUG: Ajax ChatClientController index  $customer_id = 16  
[2024-06-22 20:15:23] local.INFO: Ajax ChatClientController index END  
[2024-06-22 20:15:36] local.INFO: ChatClientController index START  
[2024-06-22 20:15:36] local.INFO: auth_user_info START  
[2024-06-22 20:15:36] local.INFO: auth_user_info END  
[2024-06-22 20:15:36] local.INFO: auth_customer_allrec START  
[2024-06-22 20:15:36] local.INFO: auth_customer_findrec END  
[2024-06-22 20:15:37] local.INFO: ChatClientController index END  
[2024-06-22 20:15:39] local.INFO: Ajax ChatClientController index START  
[2024-06-22 20:15:39] local.DEBUG: Ajax ChatClientController index  $customer_id = 16  
[2024-06-22 20:15:39] local.INFO: Ajax ChatClientController index END  
[2024-06-22 20:16:19] local.INFO: ChatClientController index START  
[2024-06-22 20:16:19] local.INFO: auth_user_info START  
[2024-06-22 20:16:19] local.INFO: auth_user_info END  
[2024-06-22 20:16:19] local.INFO: auth_customer_allrec START  
[2024-06-22 20:16:20] local.INFO: auth_customer_findrec END  
[2024-06-22 20:16:20] local.INFO: ChatClientController index END  
[2024-06-22 20:16:23] local.INFO: Ajax ChatClientController index START  
[2024-06-22 20:16:23] local.DEBUG: Ajax ChatClientController index  $customer_id = 16  
[2024-06-22 20:16:23] local.INFO: Ajax ChatClientController index END  
[2024-06-22 20:17:35] local.INFO: ChatClientController index START  
[2024-06-22 20:17:35] local.INFO: auth_user_info START  
[2024-06-22 20:17:35] local.INFO: auth_user_info END  
[2024-06-22 20:17:35] local.INFO: auth_customer_allrec START  
[2024-06-22 20:17:35] local.INFO: auth_customer_findrec END  
[2024-06-22 20:17:35] local.INFO: ChatClientController index END  
[2024-06-22 20:17:38] local.INFO: Ajax ChatClientController index START  
[2024-06-22 20:17:38] local.DEBUG: Ajax ChatClientController index  $customer_id = 16  
[2024-06-22 20:17:38] local.INFO: Ajax ChatClientController index END  
[2024-06-22 20:29:15] local.INFO: auth logout redirectTo user = stdClass Object
(
    [id] => 16
    [name] => 高橋 さくら
    [email] => user16@gmail.com
    [email_verified_at] => 
    [organization_id] => 1
    [user_id] => 16
    [login_flg] => 1
    [admin_flg] => 1
    [created_at] => 2023-09-28T16:00:00.000000Z
    [updated_at] => 2024-06-18T01:52:10.000000Z
    [deleted_at] => 
)
  
[2024-06-22 20:29:15] local.INFO: loginout operation update START  
[2024-06-22 20:29:15] local.INFO: beginTransaction - loginout operation update start  
[2024-06-22 20:29:15] local.INFO: beginTransaction - loginout operation update end(commit)  
[2024-06-22 20:29:15] local.INFO: loginout operation update END  
[2024-06-22 20:29:35] local.INFO: auth_user_info START  
[2024-06-22 20:29:35] local.INFO: auth_user_info END  
[2024-06-22 20:29:35] local.INFO: auth login redirectTo user = stdClass Object
(
    [id] => 1
    [name] => 新冨泰明
    [email] => shintomi.sh@gmail.com
    [email_verified_at] => 
    [organization_id] => 0
    [user_id] => 1
    [login_flg] => 2
    [admin_flg] => 2
    [created_at] => 2022-10-20T03:00:00.000000Z
    [updated_at] => 2024-05-27T03:06:38.000000Z
    [deleted_at] => 
)
  
[2024-06-22 20:29:35] local.INFO: loginout operation update START  
[2024-06-22 20:29:35] local.INFO: loginout operation update $id < 10 END  
[2024-06-22 20:29:37] local.INFO: auth_user_info START  
[2024-06-22 20:29:37] local.INFO: auth_user_info END  
[2024-06-22 20:29:37] local.INFO: office top index START $user->name = 新冨泰明  
[2024-06-22 20:29:37] local.INFO: auth_user_organization START  
[2024-06-22 20:29:38] local.INFO: auth_user_organization END  
[2024-06-22 20:29:38] local.INFO: auth_customer_allrec START  
[2024-06-22 20:29:38] local.INFO: auth_customer_findrec END  
[2024-06-22 20:29:38] local.DEBUG: office top index customer_id  = 19  
[2024-06-22 20:29:38] local.INFO: office top index END $user->name = 新冨泰明  
[2024-06-22 20:29:43] local.INFO: ChatController index START  
[2024-06-22 20:29:43] local.INFO: auth_customer_allrec START  
[2024-06-22 20:29:43] local.INFO: auth_customer_findrec END  
[2024-06-22 20:29:43] local.DEBUG: ChatController index customer_id  = 19  
[2024-06-22 20:29:43] local.INFO: ChatController index END  
[2024-06-22 20:35:45] local.INFO: ChatController index START  
[2024-06-22 20:35:45] local.INFO: auth_user_info START  
[2024-06-22 20:35:45] local.INFO: auth_user_info END  
[2024-06-22 20:35:45] local.INFO: auth_customer_allrec START  
[2024-06-22 20:35:45] local.INFO: auth_customer_findrec END  
[2024-06-22 20:35:45] local.DEBUG: ChatController index customer_id  = 19  
[2024-06-22 20:35:45] local.INFO: ChatController index END  
[2024-06-22 20:35:48] local.INFO: Ajax ChatController index START  
[2024-06-22 20:35:48] local.INFO: auth_user_info START  
[2024-06-22 20:35:48] local.INFO: auth_user_info END  
[2024-06-22 20:35:48] local.INFO: Ajax ChatController json_get_info  START  
[2024-06-22 20:35:48] local.INFO: Ajax ChatController json_get_info not empty  
[2024-06-22 20:35:48] local.INFO: Ajax ChatController json_get_info  END  
[2024-06-22 20:35:48] local.INFO: Ajax ChatController index END  
[2024-06-22 20:37:00] local.INFO: ChatController index START  
[2024-06-22 20:37:00] local.INFO: auth_user_info START  
[2024-06-22 20:37:00] local.INFO: auth_user_info END  
[2024-06-22 20:37:00] local.INFO: auth_customer_allrec START  
[2024-06-22 20:37:00] local.INFO: auth_customer_findrec END  
[2024-06-22 20:37:00] local.DEBUG: ChatController index customer_id  = 19  
[2024-06-22 20:37:01] local.INFO: ChatController index END  
[2024-06-22 20:37:05] local.INFO: Ajax ChatController index START  
[2024-06-22 20:37:05] local.INFO: auth_user_info START  
[2024-06-22 20:37:05] local.INFO: auth_user_info END  
[2024-06-22 20:37:05] local.INFO: Ajax ChatController json_get_info  START  
[2024-06-22 20:37:05] local.INFO: Ajax ChatController json_get_info not empty  
[2024-06-22 20:37:05] local.INFO: Ajax ChatController json_get_info  END  
[2024-06-22 20:37:05] local.INFO: Ajax ChatController index END  
