[2024-07-05 19:00:44] local.INFO: auth_user_info START  
[2024-07-05 19:00:44] local.INFO: auth_user_info END  
[2024-07-05 19:00:44] local.INFO: auth login redirectTo user = stdClass Object
(
    [id] => 1
    [name] => 新冨泰明
    [email] => shintomi.sh@gmail.com
    [email_verified_at] => 
    [organization_id] => 1
    [user_id] => 1
    [login_flg] => 2
    [admin_flg] => 2
    [created_at] => 2022-10-20T03:00:00.000000Z
    [updated_at] => 2024-05-27T03:06:38.000000Z
    [deleted_at] => 
)
  
[2024-07-05 19:00:44] local.INFO: loginout operation update START  
[2024-07-05 19:00:44] local.INFO: loginout operation update $id < 10 END  
[2024-07-05 19:00:49] local.INFO: auth_user_info START  
[2024-07-05 19:00:49] local.INFO: auth_user_info END  
[2024-07-05 19:00:49] local.INFO: office top index START $user->name = 新冨泰明  
[2024-07-05 19:00:49] local.INFO: auth_user_organization START  
[2024-07-05 19:00:49] local.INFO: auth_user_organization END  
[2024-07-05 19:00:50] local.INFO: auth_customer_allrec START  
[2024-07-05 19:00:50] local.INFO: auth_customer_findrec END  
[2024-07-05 19:00:50] local.DEBUG: office top index customer_id  = 19  
[2024-07-05 19:00:50] local.INFO: office top index END $user->name = 新冨泰明  
[2024-07-05 19:01:17] local.INFO: ChatController index START  
[2024-07-05 19:01:17] local.INFO: auth_user_info START  
[2024-07-05 19:01:17] local.INFO: auth_user_info END  
[2024-07-05 19:01:17] local.INFO: auth_customer_allrec START  
[2024-07-05 19:01:17] local.INFO: auth_customer_findrec END  
[2024-07-05 19:01:17] local.INFO: chattop_json_put_info_set START  
[2024-07-05 19:01:17] local.INFO: chattop_json_put_info_set END  
[2024-07-05 19:01:17] local.INFO: ChatController index END  
[2024-07-05 19:01:20] local.INFO: Ajax ChatController index START  
[2024-07-05 19:01:20] local.INFO: auth_user_info START  
[2024-07-05 19:01:20] local.INFO: auth_user_info END  
[2024-07-05 19:01:20] local.DEBUG: Ajax ChatClientController index  $user_id = 1  
[2024-07-05 19:01:20] local.INFO: Ajax ChatController index END  
[2024-07-05 19:03:31] local.INFO: auth_user_info START  
[2024-07-05 19:03:31] local.INFO: auth_user_info END  
[2024-07-05 19:03:31] local.INFO: auth login redirectTo user = stdClass Object
(
    [id] => 11
    [name] => 田中 健太郎
    [email] => user11@gmail.com
    [email_verified_at] => 
    [organization_id] => 1
    [user_id] => 11
    [login_flg] => 1
    [admin_flg] => 1
    [created_at] => 2023-09-28T16:00:00.000000Z
    [updated_at] => 2024-06-22T22:46:05.000000Z
    [deleted_at] => 
)
  
[2024-07-05 19:03:31] local.INFO: loginout operation update START  
[2024-07-05 19:03:31] local.INFO: beginTransaction - loginout operation update start  
[2024-07-05 19:03:31] local.INFO: beginTransaction - loginout operation update end(commit)  
[2024-07-05 19:03:31] local.INFO: loginout operation update END  
[2024-07-05 19:03:34] local.INFO: auth_user_info START  
[2024-07-05 19:03:34] local.INFO: auth_user_info END  
[2024-07-05 19:03:34] local.INFO: topclient index START $user->name = 田中 健太郎  
[2024-07-05 19:03:34] local.INFO: topclient index END $user->name = 田中 健太郎  
[2024-07-05 19:03:40] local.INFO: ChatClientController index START  
[2024-07-05 19:03:40] local.INFO: auth_user_info START  
[2024-07-05 19:03:40] local.INFO: auth_user_info END  
[2024-07-05 19:03:40] local.DEBUG: ChatClientController index  $user_id = 1  
[2024-07-05 19:03:40] local.INFO: chatcli_json_put_info_set START  
[2024-07-05 19:03:40] local.INFO: chatcli_json_put_info_set END  
[2024-07-05 19:03:40] local.INFO: ChatClientController index END  
[2024-07-05 19:03:43] local.INFO: Ajax ChatClientController index START  
[2024-07-05 19:03:43] local.INFO: auth_user_info START  
[2024-07-05 19:03:43] local.INFO: auth_user_info END  
[2024-07-05 19:03:43] local.DEBUG: Ajax ChatClientController index  ログインユーザーの$user_id = 11  
[2024-07-05 19:03:43] local.INFO: Ajax ChatClientController index END  
[2024-07-05 19:16:47] local.INFO: auth logout redirectTo user = stdClass Object
(
    [id] => 11
    [name] => 田中 健太郎
    [email] => user11@gmail.com
    [email_verified_at] => 
    [organization_id] => 1
    [user_id] => 11
    [login_flg] => 1
    [admin_flg] => 1
    [created_at] => 2023-09-28T16:00:00.000000Z
    [updated_at] => 2024-06-22T22:46:05.000000Z
    [deleted_at] => 
)
  
[2024-07-05 19:16:47] local.INFO: loginout operation update START  
[2024-07-05 19:16:47] local.INFO: beginTransaction - loginout operation update start  
[2024-07-05 19:16:47] local.INFO: beginTransaction - loginout operation update end(commit)  
[2024-07-05 19:16:47] local.INFO: loginout operation update END  
[2024-07-05 19:17:07] local.INFO: auth_user_info START  
[2024-07-05 19:17:07] local.INFO: auth_user_info END  
[2024-07-05 19:17:07] local.INFO: auth login redirectTo user = stdClass Object
(
    [id] => 11
    [name] => 田中 健太郎
    [email] => user11@gmail.com
    [email_verified_at] => 
    [organization_id] => 1
    [user_id] => 11
    [login_flg] => 1
    [admin_flg] => 1
    [created_at] => 2023-09-28T16:00:00.000000Z
    [updated_at] => 2024-06-22T22:46:05.000000Z
    [deleted_at] => 
)
  
[2024-07-05 19:17:07] local.INFO: loginout operation update START  
[2024-07-05 19:17:07] local.INFO: beginTransaction - loginout operation update start  
[2024-07-05 19:17:08] local.INFO: beginTransaction - loginout operation update end(commit)  
[2024-07-05 19:17:08] local.INFO: loginout operation update END  
[2024-07-05 19:17:10] local.INFO: auth_user_info START  
[2024-07-05 19:17:10] local.INFO: auth_user_info END  
[2024-07-05 19:17:10] local.INFO: topclient index START $user->name = 田中 健太郎  
[2024-07-05 19:17:10] local.INFO: topclient index END $user->name = 田中 健太郎  
[2024-07-05 19:17:14] local.INFO: auth logout redirectTo user = stdClass Object
(
    [id] => 1
    [name] => 新冨泰明
    [email] => shintomi.sh@gmail.com
    [email_verified_at] => 
    [organization_id] => 1
    [user_id] => 1
    [login_flg] => 2
    [admin_flg] => 2
    [created_at] => 2022-10-20T03:00:00.000000Z
    [updated_at] => 2024-05-27T03:06:38.000000Z
    [deleted_at] => 
)
  
[2024-07-05 19:17:14] local.INFO: loginout operation update START  
[2024-07-05 19:17:14] local.INFO: loginout operation update $id < 10 END  
[2024-07-05 19:17:17] local.INFO: ChatClientController index START  
[2024-07-05 19:17:17] local.INFO: auth_user_info START  
[2024-07-05 19:17:17] local.INFO: auth_user_info END  
[2024-07-05 19:17:17] local.DEBUG: ChatClientController index  $user_id = 1  
[2024-07-05 19:17:17] local.INFO: chatcli_json_put_info_set START  
[2024-07-05 19:17:17] local.INFO: chatcli_json_put_info_set END  
[2024-07-05 19:17:17] local.INFO: ChatClientController index END  
[2024-07-05 19:17:23] local.INFO: Ajax ChatClientController index START  
[2024-07-05 19:17:23] local.INFO: auth_user_info START  
[2024-07-05 19:17:23] local.INFO: auth_user_info END  
[2024-07-05 19:17:23] local.DEBUG: Ajax ChatClientController index  ログインユーザーの$user_id = 11  
[2024-07-05 19:17:23] local.INFO: Ajax ChatClientController index END  
[2024-07-05 19:17:57] local.INFO: auth_user_info START  
[2024-07-05 19:17:57] local.INFO: auth_user_info END  
[2024-07-05 19:17:57] local.INFO: auth login redirectTo user = stdClass Object
(
    [id] => 8
    [name] => プール先生08
    [email] => dummy08@gmail.com
    [email_verified_at] => 
    [organization_id] => 1
    [user_id] => 1
    [login_flg] => 3
    [admin_flg] => 1
    [created_at] => 2023-09-28T16:00:00.000000Z
    [updated_at] => 2024-07-05T10:17:57.000000Z
    [deleted_at] => 
)
  
[2024-07-05 19:17:57] local.INFO: loginout operation update START  
[2024-07-05 19:17:57] local.INFO: loginout operation update $id < 10 END  
[2024-07-05 19:18:00] local.INFO: auth_user_info START  
[2024-07-05 19:18:00] local.INFO: auth_user_info END  
[2024-07-05 19:18:00] local.INFO: office top index START $user->name = プール先生08  
[2024-07-05 19:18:00] local.INFO: auth_user_organization START  
[2024-07-05 19:18:00] local.INFO: auth_user_organization END  
[2024-07-05 19:18:00] local.ERROR: Method App\Http\Controllers\TopController::auth_customer_allrec does not exist. {"userId":8,"exception":"[object] (BadMethodCallException(code: 0): Method App\\Http\\Controllers\\TopController::auth_customer_allrec does not exist. at /var/www/html/vendor/laravel/framework/src/Illuminate/Routing/Controller.php:68)
[stacktrace]
#0 /var/www/html/app/Http/Controllers/TopController.php(50): Illuminate\\Routing\\Controller->__call()
#1 /var/www/html/vendor/laravel/framework/src/Illuminate/Routing/Controller.php(54): App\\Http\\Controllers\\TopController->index()
#2 /var/www/html/vendor/laravel/framework/src/Illuminate/Routing/ControllerDispatcher.php(43): Illuminate\\Routing\\Controller->callAction()
#3 /var/www/html/vendor/laravel/framework/src/Illuminate/Routing/Route.php(260): Illuminate\\Routing\\ControllerDispatcher->dispatch()
#4 /var/www/html/vendor/laravel/framework/src/Illuminate/Routing/Route.php(206): Illuminate\\Routing\\Route->runController()
#5 /var/www/html/vendor/laravel/framework/src/Illuminate/Routing/Router.php(806): Illuminate\\Routing\\Route->run()
#6 /var/www/html/vendor/laravel/framework/src/Illuminate/Pipeline/Pipeline.php(144): Illuminate\\Routing\\Router->Illuminate\\Routing\\{closure}()
#7 /var/www/html/vendor/laravel/framework/src/Illuminate/Routing/Middleware/SubstituteBindings.php(50): Illuminate\\Pipeline\\Pipeline->Illuminate\\Pipeline\\{closure}()
#8 /var/www/html/vendor/laravel/framework/src/Illuminate/Pipeline/Pipeline.php(183): Illuminate\\Routing\\Middleware\\SubstituteBindings->handle()
#9 /var/www/html/vendor/laravel/framework/src/Illuminate/Auth/Middleware/Authenticate.php(64): Illuminate\\Pipeline\\Pipeline->Illuminate\\Pipeline\\{closure}()
#10 /var/www/html/vendor/laravel/framework/src/Illuminate/Pipeline/Pipeline.php(183): Illuminate\\Auth\\Middleware\\Authenticate->handle()
#11 /var/www/html/vendor/laravel/framework/src/Illuminate/Foundation/Http/Middleware/VerifyCsrfToken.php(88): Illuminate\\Pipeline\\Pipeline->Illuminate\\Pipeline\\{closure}()
#12 /var/www/html/vendor/laravel/framework/src/Illuminate/Pipeline/Pipeline.php(183): Illuminate\\Foundation\\Http\\Middleware\\VerifyCsrfToken->handle()
#13 /var/www/html/vendor/laravel/framework/src/Illuminate/View/Middleware/ShareErrorsFromSession.php(49): Illuminate\\Pipeline\\Pipeline->Illuminate\\Pipeline\\{closure}()
#14 /var/www/html/vendor/laravel/framework/src/Illuminate/Pipeline/Pipeline.php(183): Illuminate\\View\\Middleware\\ShareErrorsFromSession->handle()
#15 /var/www/html/vendor/laravel/framework/src/Illuminate/Session/Middleware/StartSession.php(121): Illuminate\\Pipeline\\Pipeline->Illuminate\\Pipeline\\{closure}()
#16 /var/www/html/vendor/laravel/framework/src/Illuminate/Session/Middleware/StartSession.php(64): Illuminate\\Session\\Middleware\\StartSession->handleStatefulRequest()
#17 /var/www/html/vendor/laravel/framework/src/Illuminate/Pipeline/Pipeline.php(183): Illuminate\\Session\\Middleware\\StartSession->handle()
#18 /var/www/html/vendor/laravel/framework/src/Illuminate/Cookie/Middleware/AddQueuedCookiesToResponse.php(37): Illuminate\\Pipeline\\Pipeline->Illuminate\\Pipeline\\{closure}()
#19 /var/www/html/vendor/laravel/framework/src/Illuminate/Pipeline/Pipeline.php(183): Illuminate\\Cookie\\Middleware\\AddQueuedCookiesToResponse->handle()
#20 /var/www/html/vendor/laravel/framework/src/Illuminate/Cookie/Middleware/EncryptCookies.php(75): Illuminate\\Pipeline\\Pipeline->Illuminate\\Pipeline\\{closure}()
#21 /var/www/html/vendor/laravel/framework/src/Illuminate/Pipeline/Pipeline.php(183): Illuminate\\Cookie\\Middleware\\EncryptCookies->handle()
#22 /var/www/html/vendor/laravel/framework/src/Illuminate/Pipeline/Pipeline.php(119): Illuminate\\Pipeline\\Pipeline->Illuminate\\Pipeline\\{closure}()
#23 /var/www/html/vendor/laravel/framework/src/Illuminate/Routing/Router.php(805): Illuminate\\Pipeline\\Pipeline->then()
#24 /var/www/html/vendor/laravel/framework/src/Illuminate/Routing/Router.php(784): Illuminate\\Routing\\Router->runRouteWithinStack()
#25 /var/www/html/vendor/laravel/framework/src/Illuminate/Routing/Router.php(748): Illuminate\\Routing\\Router->runRoute()
#26 /var/www/html/vendor/laravel/framework/src/Illuminate/Routing/Router.php(737): Illuminate\\Routing\\Router->dispatchToRoute()
#27 /var/www/html/vendor/laravel/framework/src/Illuminate/Foundation/Http/Kernel.php(200): Illuminate\\Routing\\Router->dispatch()
#28 /var/www/html/vendor/laravel/framework/src/Illuminate/Pipeline/Pipeline.php(144): Illuminate\\Foundation\\Http\\Kernel->Illuminate\\Foundation\\Http\\{closure}()
#29 /var/www/html/vendor/livewire/livewire/src/Features/SupportDisablingBackButtonCache/DisableBackButtonCacheMiddleware.php(19): Illuminate\\Pipeline\\Pipeline->Illuminate\\Pipeline\\{closure}()
#30 /var/www/html/vendor/laravel/framework/src/Illuminate/Pipeline/Pipeline.php(183): Livewire\\Features\\SupportDisablingBackButtonCache\\DisableBackButtonCacheMiddleware->handle()
#31 /var/www/html/vendor/barryvdh/laravel-debugbar/src/Middleware/InjectDebugbar.php(66): Illuminate\\Pipeline\\Pipeline->Illuminate\\Pipeline\\{closure}()
#32 /var/www/html/vendor/laravel/framework/src/Illuminate/Pipeline/Pipeline.php(183): Barryvdh\\Debugbar\\Middleware\\InjectDebugbar->handle()
#33 /var/www/html/vendor/laravel/framework/src/Illuminate/Foundation/Http/Middleware/TransformsRequest.php(21): Illuminate\\Pipeline\\Pipeline->Illuminate\\Pipeline\\{closure}()
#34 /var/www/html/vendor/laravel/framework/src/Illuminate/Foundation/Http/Middleware/ConvertEmptyStringsToNull.php(31): Illuminate\\Foundation\\Http\\Middleware\\TransformsRequest->handle()
#35 /var/www/html/vendor/laravel/framework/src/Illuminate/Pipeline/Pipeline.php(183): Illuminate\\Foundation\\Http\\Middleware\\ConvertEmptyStringsToNull->handle()
#36 /var/www/html/vendor/laravel/framework/src/Illuminate/Foundation/Http/Middleware/TransformsRequest.php(21): Illuminate\\Pipeline\\Pipeline->Illuminate\\Pipeline\\{closure}()
#37 /var/www/html/vendor/laravel/framework/src/Illuminate/Foundation/Http/Middleware/TrimStrings.php(51): Illuminate\\Foundation\\Http\\Middleware\\TransformsRequest->handle()
#38 /var/www/html/vendor/laravel/framework/src/Illuminate/Pipeline/Pipeline.php(183): Illuminate\\Foundation\\Http\\Middleware\\TrimStrings->handle()
#39 /var/www/html/vendor/laravel/framework/src/Illuminate/Http/Middleware/ValidatePostSize.php(27): Illuminate\\Pipeline\\Pipeline->Illuminate\\Pipeline\\{closure}()
#40 /var/www/html/vendor/laravel/framework/src/Illuminate/Pipeline/Pipeline.php(183): Illuminate\\Http\\Middleware\\ValidatePostSize->handle()
#41 /var/www/html/vendor/laravel/framework/src/Illuminate/Foundation/Http/Middleware/PreventRequestsDuringMaintenance.php(110): Illuminate\\Pipeline\\Pipeline->Illuminate\\Pipeline\\{closure}()
#42 /var/www/html/vendor/laravel/framework/src/Illuminate/Pipeline/Pipeline.php(183): Illuminate\\Foundation\\Http\\Middleware\\PreventRequestsDuringMaintenance->handle()
#43 /var/www/html/vendor/laravel/framework/src/Illuminate/Http/Middleware/HandleCors.php(49): Illuminate\\Pipeline\\Pipeline->Illuminate\\Pipeline\\{closure}()
#44 /var/www/html/vendor/laravel/framework/src/Illuminate/Pipeline/Pipeline.php(183): Illuminate\\Http\\Middleware\\HandleCors->handle()
#45 /var/www/html/vendor/laravel/framework/src/Illuminate/Http/Middleware/TrustProxies.php(57): Illuminate\\Pipeline\\Pipeline->Illuminate\\Pipeline\\{closure}()
#46 /var/www/html/vendor/laravel/framework/src/Illuminate/Pipeline/Pipeline.php(183): Illuminate\\Http\\Middleware\\TrustProxies->handle()
#47 /var/www/html/vendor/laravel/framework/src/Illuminate/Pipeline/Pipeline.php(119): Illuminate\\Pipeline\\Pipeline->Illuminate\\Pipeline\\{closure}()
#48 /var/www/html/vendor/laravel/framework/src/Illuminate/Foundation/Http/Kernel.php(175): Illuminate\\Pipeline\\Pipeline->then()
#49 /var/www/html/vendor/laravel/framework/src/Illuminate/Foundation/Http/Kernel.php(144): Illuminate\\Foundation\\Http\\Kernel->sendRequestThroughRouter()
#50 /var/www/html/vendor/laravel/framework/src/Illuminate/Foundation/Application.php(1172): Illuminate\\Foundation\\Http\\Kernel->handle()
#51 /var/www/html/public/index.php(17): Illuminate\\Foundation\\Application->handleRequest()
#52 /var/www/html/vendor/laravel/framework/src/Illuminate/Foundation/resources/server.php(16): require_once('...')
#53 {main}
"} 
[2024-07-05 19:21:00] local.INFO: auth_user_info START  
[2024-07-05 19:21:00] local.INFO: auth_user_info END  
[2024-07-05 19:21:00] local.INFO: office top index START $user->name = プール先生08  
[2024-07-05 19:21:00] local.INFO: auth_user_organization START  
[2024-07-05 19:21:00] local.INFO: auth_user_organization END  
[2024-07-05 19:21:00] local.INFO: auth_customer_individual START  
[2024-07-05 19:21:00] local.INFO: auth_customer_individual END  
[2024-07-05 19:21:00] local.DEBUG: office top index customer_id  = 19  
[2024-07-05 19:21:00] local.INFO: office top index END $user->name = プール先生08  
[2024-07-05 19:21:07] local.INFO: ChatController index START  
[2024-07-05 19:21:07] local.INFO: auth_user_info START  
[2024-07-05 19:21:07] local.INFO: auth_user_info END  
[2024-07-05 19:21:07] local.INFO: auth_customer_individual START  
[2024-07-05 19:21:07] local.INFO: auth_customer_individual END  
[2024-07-05 19:21:07] local.INFO: chattop_json_put_info_set START  
[2024-07-05 19:21:07] local.INFO: chattop_json_put_info_set END  
[2024-07-05 19:21:07] local.INFO: ChatController index END  
[2024-07-05 19:21:10] local.INFO: Ajax ChatController index START  
[2024-07-05 19:21:10] local.INFO: auth_user_info START  
[2024-07-05 19:21:10] local.INFO: auth_user_info END  
[2024-07-05 19:21:10] local.DEBUG: Ajax ChatClientController index  $user_id = 8  
[2024-07-05 19:21:10] local.INFO: Ajax ChatController index END  
