[2024-06-16 06:23:31] local.ERROR: SQLSTATE[42S02]: Base table or view not found: 1146 Table 'practic.cache' doesn't exist (Connection: mysql, SQL: delete from `cache`) {"exception":"[object] (Illuminate\\Database\\QueryException(code: 42S02): SQLSTATE[42S02]: Base table or view not found: 1146 Table 'practic.cache' doesn't exist (Connection: mysql, SQL: delete from `cache`) at /var/www/html/vendor/laravel/framework/src/Illuminate/Database/Connection.php:813)
[stacktrace]
#0 /var/www/html/vendor/laravel/framework/src/Illuminate/Database/Connection.php(767): Illuminate\\Database\\Connection->runQueryCallback()
#1 /var/www/html/vendor/laravel/framework/src/Illuminate/Database/Connection.php(584): Illuminate\\Database\\Connection->run()
#2 /var/www/html/vendor/laravel/framework/src/Illuminate/Database/Connection.php(548): Illuminate\\Database\\Connection->affectingStatement()
#3 /var/www/html/vendor/laravel/framework/src/Illuminate/Database/Query/Builder.php(3916): Illuminate\\Database\\Connection->delete()
#4 /var/www/html/vendor/laravel/framework/src/Illuminate/Cache/DatabaseStore.php(342): Illuminate\\Database\\Query\\Builder->delete()
#5 /var/www/html/vendor/laravel/framework/src/Illuminate/Cache/Repository.php(713): Illuminate\\Cache\\DatabaseStore->flush()
#6 /var/www/html/vendor/laravel/framework/src/Illuminate/Cache/Console/ClearCommand.php(69): Illuminate\\Cache\\Repository->__call()
#7 /var/www/html/vendor/laravel/framework/src/Illuminate/Container/BoundMethod.php(36): Illuminate\\Cache\\Console\\ClearCommand->handle()
#8 /var/www/html/vendor/laravel/framework/src/Illuminate/Container/Util.php(41): Illuminate\\Container\\BoundMethod::Illuminate\\Container\\{closure}()
#9 /var/www/html/vendor/laravel/framework/src/Illuminate/Container/BoundMethod.php(93): Illuminate\\Container\\Util::unwrapIfClosure()
#10 /var/www/html/vendor/laravel/framework/src/Illuminate/Container/BoundMethod.php(35): Illuminate\\Container\\BoundMethod::callBoundMethod()
#11 /var/www/html/vendor/laravel/framework/src/Illuminate/Container/Container.php(662): Illuminate\\Container\\BoundMethod::call()
#12 /var/www/html/vendor/laravel/framework/src/Illuminate/Console/Command.php(213): Illuminate\\Container\\Container->call()
#13 /var/www/html/vendor/symfony/console/Command/Command.php(279): Illuminate\\Console\\Command->execute()
#14 /var/www/html/vendor/laravel/framework/src/Illuminate/Console/Command.php(182): Symfony\\Component\\Console\\Command\\Command->run()
#15 /var/www/html/vendor/symfony/console/Application.php(1049): Illuminate\\Console\\Command->run()
#16 /var/www/html/vendor/symfony/console/Application.php(318): Symfony\\Component\\Console\\Application->doRunCommand()
#17 /var/www/html/vendor/symfony/console/Application.php(169): Symfony\\Component\\Console\\Application->doRun()
#18 /var/www/html/vendor/laravel/framework/src/Illuminate/Foundation/Console/Kernel.php(196): Symfony\\Component\\Console\\Application->run()
#19 /var/www/html/vendor/laravel/framework/src/Illuminate/Foundation/Application.php(1187): Illuminate\\Foundation\\Console\\Kernel->handle()
#20 /var/www/html/artisan(13): Illuminate\\Foundation\\Application->handleCommand()
#21 {main}

[previous exception] [object] (PDOException(code: 42S02): SQLSTATE[42S02]: Base table or view not found: 1146 Table 'practic.cache' doesn't exist at /var/www/html/vendor/laravel/framework/src/Illuminate/Database/Connection.php:592)
[stacktrace]
#0 /var/www/html/vendor/laravel/framework/src/Illuminate/Database/Connection.php(592): PDO->prepare()
#1 /var/www/html/vendor/laravel/framework/src/Illuminate/Database/Connection.php(800): Illuminate\\Database\\Connection->Illuminate\\Database\\{closure}()
#2 /var/www/html/vendor/laravel/framework/src/Illuminate/Database/Connection.php(767): Illuminate\\Database\\Connection->runQueryCallback()
#3 /var/www/html/vendor/laravel/framework/src/Illuminate/Database/Connection.php(584): Illuminate\\Database\\Connection->run()
#4 /var/www/html/vendor/laravel/framework/src/Illuminate/Database/Connection.php(548): Illuminate\\Database\\Connection->affectingStatement()
#5 /var/www/html/vendor/laravel/framework/src/Illuminate/Database/Query/Builder.php(3916): Illuminate\\Database\\Connection->delete()
#6 /var/www/html/vendor/laravel/framework/src/Illuminate/Cache/DatabaseStore.php(342): Illuminate\\Database\\Query\\Builder->delete()
#7 /var/www/html/vendor/laravel/framework/src/Illuminate/Cache/Repository.php(713): Illuminate\\Cache\\DatabaseStore->flush()
#8 /var/www/html/vendor/laravel/framework/src/Illuminate/Cache/Console/ClearCommand.php(69): Illuminate\\Cache\\Repository->__call()
#9 /var/www/html/vendor/laravel/framework/src/Illuminate/Container/BoundMethod.php(36): Illuminate\\Cache\\Console\\ClearCommand->handle()
#10 /var/www/html/vendor/laravel/framework/src/Illuminate/Container/Util.php(41): Illuminate\\Container\\BoundMethod::Illuminate\\Container\\{closure}()
#11 /var/www/html/vendor/laravel/framework/src/Illuminate/Container/BoundMethod.php(93): Illuminate\\Container\\Util::unwrapIfClosure()
#12 /var/www/html/vendor/laravel/framework/src/Illuminate/Container/BoundMethod.php(35): Illuminate\\Container\\BoundMethod::callBoundMethod()
#13 /var/www/html/vendor/laravel/framework/src/Illuminate/Container/Container.php(662): Illuminate\\Container\\BoundMethod::call()
#14 /var/www/html/vendor/laravel/framework/src/Illuminate/Console/Command.php(213): Illuminate\\Container\\Container->call()
#15 /var/www/html/vendor/symfony/console/Command/Command.php(279): Illuminate\\Console\\Command->execute()
#16 /var/www/html/vendor/laravel/framework/src/Illuminate/Console/Command.php(182): Symfony\\Component\\Console\\Command\\Command->run()
#17 /var/www/html/vendor/symfony/console/Application.php(1049): Illuminate\\Console\\Command->run()
#18 /var/www/html/vendor/symfony/console/Application.php(318): Symfony\\Component\\Console\\Application->doRunCommand()
#19 /var/www/html/vendor/symfony/console/Application.php(169): Symfony\\Component\\Console\\Application->doRun()
#20 /var/www/html/vendor/laravel/framework/src/Illuminate/Foundation/Console/Kernel.php(196): Symfony\\Component\\Console\\Application->run()
#21 /var/www/html/vendor/laravel/framework/src/Illuminate/Foundation/Application.php(1187): Illuminate\\Foundation\\Console\\Kernel->handle()
#22 /var/www/html/artisan(13): Illuminate\\Foundation\\Application->handleCommand()
#23 {main}
"} 
[2024-06-16 06:52:47] local.INFO: FormController index START  
[2024-06-16 06:52:47] local.INFO: FormController index END  
[2024-06-16 06:53:03] local.INFO: FormController sendMail START  
[2024-06-16 06:53:03] local.INFO: FormController sendMail confirm END  
[2024-06-16 06:53:05] local.INFO: FormController confirm START  
[2024-06-16 06:53:05] local.INFO: FormController confirm END  
[2024-06-16 06:53:26] local.INFO: FormController confirm START  
[2024-06-16 06:53:26] local.INFO: FormController confirm END  
