[2024-06-23 07:06:44] local.INFO: auth_user_info START  
[2024-06-23 07:06:44] local.INFO: auth_user_info END  
[2024-06-23 07:06:44] local.INFO: auth login redirectTo user = stdClass Object
(
    [id] => 1
    [name] => 新冨泰明
    [email] => shintomi.sh@gmail.com
    [email_verified_at] => 
    [organization_id] => 0
    [user_id] => 1
    [login_flg] => 2
    [admin_flg] => 2
    [created_at] => 2022-10-20T03:00:00.000000Z
    [updated_at] => 2024-05-27T03:06:38.000000Z
    [deleted_at] => 
)
  
[2024-06-23 07:06:44] local.INFO: loginout operation update START  
[2024-06-23 07:06:44] local.INFO: loginout operation update $id < 10 END  
[2024-06-23 07:06:47] local.INFO: ChatController serch START  
[2024-06-23 07:06:47] local.INFO: auth_user_info START  
[2024-06-23 07:06:47] local.INFO: auth_user_info END  
[2024-06-23 07:06:47] local.INFO: auth_customer_allrec START  
[2024-06-23 07:06:47] local.INFO: auth_customer_findrec END  
[2024-06-23 07:06:47] local.INFO: ChatController serch END  
[2024-06-23 07:06:50] local.INFO: Ajax ChatController index START  
[2024-06-23 07:06:50] local.INFO: auth_user_info START  
[2024-06-23 07:06:50] local.INFO: auth_user_info END  
[2024-06-23 07:06:50] local.INFO: Ajax ChatController json_get_info  START  
[2024-06-23 07:06:50] local.INFO: Ajax ChatController json_get_info not empty  
[2024-06-23 07:06:50] local.INFO: Ajax ChatController json_get_info  END  
[2024-06-23 07:06:50] local.INFO: Ajax ChatController index END  
[2024-06-23 07:06:56] local.INFO: ChatController index START  
[2024-06-23 07:06:56] local.INFO: auth_user_info START  
[2024-06-23 07:06:56] local.INFO: auth_user_info END  
[2024-06-23 07:06:56] local.INFO: auth_customer_allrec START  
[2024-06-23 07:06:56] local.INFO: auth_customer_findrec END  
[2024-06-23 07:06:56] local.INFO: Ajax ChatController json_get_info  START  
[2024-06-23 07:06:56] local.INFO: Ajax ChatController json_get_info not empty  
[2024-06-23 07:06:56] local.INFO: Ajax ChatController json_get_info  END  
[2024-06-23 07:06:56] local.DEBUG: ChatController index customer_id  = 11  
[2024-06-23 07:06:57] local.INFO: ChatController index END  
[2024-06-23 07:06:59] local.INFO: Ajax ChatController index START  
[2024-06-23 07:06:59] local.INFO: auth_user_info START  
[2024-06-23 07:06:59] local.INFO: auth_user_info END  
[2024-06-23 07:06:59] local.INFO: Ajax ChatController json_get_info  START  
[2024-06-23 07:06:59] local.INFO: Ajax ChatController json_get_info not empty  
[2024-06-23 07:06:59] local.INFO: Ajax ChatController json_get_info  END  
[2024-06-23 07:06:59] local.INFO: Ajax ChatController index END  
[2024-06-23 07:07:12] local.INFO: ChatController serch START  
[2024-06-23 07:07:12] local.INFO: auth_user_info START  
[2024-06-23 07:07:12] local.INFO: auth_user_info END  
[2024-06-23 07:07:12] local.INFO: auth_customer_allrec START  
[2024-06-23 07:07:12] local.INFO: auth_customer_findrec END  
[2024-06-23 07:07:12] local.INFO: ChatController serch END  
[2024-06-23 07:07:15] local.INFO: Ajax ChatController index START  
[2024-06-23 07:07:15] local.INFO: auth_user_info START  
[2024-06-23 07:07:15] local.INFO: auth_user_info END  
[2024-06-23 07:07:15] local.INFO: Ajax ChatController json_get_info  START  
[2024-06-23 07:07:15] local.INFO: Ajax ChatController json_get_info not empty  
[2024-06-23 07:07:15] local.INFO: Ajax ChatController json_get_info  END  
[2024-06-23 07:07:15] local.INFO: Ajax ChatController index END  
[2024-06-23 07:11:14] local.INFO: ChatController index START  
[2024-06-23 07:11:14] local.INFO: auth_user_info START  
[2024-06-23 07:11:14] local.INFO: auth_user_info END  
[2024-06-23 07:11:14] local.INFO: auth_customer_allrec START  
[2024-06-23 07:11:14] local.INFO: auth_customer_findrec END  
[2024-06-23 07:11:14] local.INFO: Ajax ChatController json_get_info  START  
[2024-06-23 07:11:14] local.INFO: Ajax ChatController json_get_info not empty  
[2024-06-23 07:11:14] local.INFO: Ajax ChatController json_get_info  END  
[2024-06-23 07:11:14] local.DEBUG: ChatController index customer_id  = 11  
[2024-06-23 07:11:15] local.INFO: ChatController index END  
[2024-06-23 07:11:18] local.INFO: Ajax ChatController index START  
[2024-06-23 07:11:18] local.INFO: auth_user_info START  
[2024-06-23 07:11:18] local.INFO: auth_user_info END  
[2024-06-23 07:11:18] local.INFO: Ajax ChatController json_get_info  START  
[2024-06-23 07:11:18] local.INFO: Ajax ChatController json_get_info not empty  
[2024-06-23 07:11:18] local.INFO: Ajax ChatController json_get_info  END  
[2024-06-23 07:11:18] local.INFO: Ajax ChatController index END  
[2024-06-23 07:13:35] local.INFO: ChatController index START  
[2024-06-23 07:13:35] local.INFO: auth_user_info START  
[2024-06-23 07:13:35] local.INFO: auth_user_info END  
[2024-06-23 07:13:35] local.INFO: auth_customer_allrec START  
[2024-06-23 07:13:35] local.INFO: auth_customer_findrec END  
[2024-06-23 07:13:35] local.INFO: Ajax ChatController json_get_info  START  
[2024-06-23 07:13:35] local.INFO: Ajax ChatController json_get_info not empty  
[2024-06-23 07:13:35] local.INFO: Ajax ChatController json_get_info  END  
[2024-06-23 07:13:35] local.DEBUG: ChatController index customer_id  = 11  
[2024-06-23 07:13:36] local.INFO: ChatController index END  
[2024-06-23 07:13:39] local.INFO: Ajax ChatController index START  
[2024-06-23 07:13:39] local.INFO: auth_user_info START  
[2024-06-23 07:13:39] local.INFO: auth_user_info END  
[2024-06-23 07:13:39] local.INFO: Ajax ChatController json_get_info  START  
[2024-06-23 07:13:39] local.INFO: Ajax ChatController json_get_info not empty  
[2024-06-23 07:13:39] local.INFO: Ajax ChatController json_get_info  END  
[2024-06-23 07:13:39] local.INFO: Ajax ChatController index END  
[2024-06-23 07:14:07] local.INFO: ChatController index START  
[2024-06-23 07:14:07] local.INFO: auth_user_info START  
[2024-06-23 07:14:07] local.INFO: auth_user_info END  
[2024-06-23 07:14:07] local.INFO: auth_customer_allrec START  
[2024-06-23 07:14:07] local.INFO: auth_customer_findrec END  
[2024-06-23 07:14:07] local.INFO: Ajax ChatController json_get_info  START  
[2024-06-23 07:14:07] local.INFO: Ajax ChatController json_get_info not empty  
[2024-06-23 07:14:07] local.INFO: Ajax ChatController json_get_info  END  
[2024-06-23 07:14:07] local.DEBUG: ChatController index customer_id  = 11  
[2024-06-23 07:14:07] local.INFO: ChatController index END  
[2024-06-23 07:14:10] local.INFO: Ajax ChatController index START  
[2024-06-23 07:14:10] local.INFO: auth_user_info START  
[2024-06-23 07:14:10] local.INFO: auth_user_info END  
[2024-06-23 07:14:10] local.INFO: Ajax ChatController json_get_info  START  
[2024-06-23 07:14:10] local.INFO: Ajax ChatController json_get_info not empty  
[2024-06-23 07:14:10] local.INFO: Ajax ChatController json_get_info  END  
[2024-06-23 07:14:10] local.INFO: Ajax ChatController index END  
[2024-06-23 07:16:15] local.INFO: ChatController index START  
[2024-06-23 07:16:15] local.INFO: auth_user_info START  
[2024-06-23 07:16:15] local.INFO: auth_user_info END  
[2024-06-23 07:16:15] local.INFO: auth_customer_allrec START  
[2024-06-23 07:16:15] local.INFO: auth_customer_findrec END  
[2024-06-23 07:16:15] local.INFO: Ajax ChatController json_get_info  START  
[2024-06-23 07:16:15] local.INFO: Ajax ChatController json_get_info not empty  
[2024-06-23 07:16:15] local.INFO: Ajax ChatController json_get_info  END  
[2024-06-23 07:16:15] local.DEBUG: ChatController index customer_id  = 11  
[2024-06-23 07:16:15] local.INFO: ChatController index END  
[2024-06-23 07:16:18] local.INFO: Ajax ChatController index START  
[2024-06-23 07:16:18] local.INFO: auth_user_info START  
[2024-06-23 07:16:18] local.INFO: auth_user_info END  
[2024-06-23 07:16:18] local.INFO: Ajax ChatController json_get_info  START  
[2024-06-23 07:16:18] local.INFO: Ajax ChatController json_get_info not empty  
[2024-06-23 07:16:18] local.INFO: Ajax ChatController json_get_info  END  
[2024-06-23 07:16:18] local.INFO: Ajax ChatController index END  
[2024-06-23 07:16:38] local.INFO: ChatController serch START  
[2024-06-23 07:16:38] local.INFO: auth_user_info START  
[2024-06-23 07:16:39] local.INFO: auth_user_info END  
[2024-06-23 07:16:39] local.INFO: auth_customer_allrec START  
[2024-06-23 07:16:39] local.INFO: auth_customer_findrec END  
[2024-06-23 07:16:39] local.INFO: ChatController serch END  
[2024-06-23 07:16:44] local.INFO: Ajax ChatController index START  
[2024-06-23 07:16:44] local.INFO: auth_user_info START  
[2024-06-23 07:16:44] local.INFO: auth_user_info END  
[2024-06-23 07:16:44] local.INFO: Ajax ChatController json_get_info  START  
[2024-06-23 07:16:44] local.INFO: Ajax ChatController json_get_info not empty  
[2024-06-23 07:16:44] local.INFO: Ajax ChatController json_get_info  END  
[2024-06-23 07:16:44] local.INFO: Ajax ChatController index END  
[2024-06-23 07:23:36] local.INFO: Ajax ChatController create START  
[2024-06-23 07:23:36] local.DEBUG: Ajax ChatController create  $customer_id = Array
(
    [message] => さくらさん
おはようございます。
)
  
[2024-06-23 07:23:36] local.ERROR: Array to string conversion (Connection: mysql, SQL: insert into `messages` (`body`, `to_flg`, `user_id`, `customer_id`, `organization_id`, `updated_at`, `created_at`) values (さくらさん
おはようございます。, 1, 1, ?, 1, 2024-06-23 07:23:36, 2024-06-23 07:23:36)) {"userId":1,"exception":"[object] (Illuminate\\Database\\QueryException(code: 0): Array to string conversion (Connection: mysql, SQL: insert into `messages` (`body`, `to_flg`, `user_id`, `customer_id`, `organization_id`, `updated_at`, `created_at`) values (さくらさん
おはようございます。, 1, 1, ?, 1, 2024-06-23 07:23:36, 2024-06-23 07:23:36)) at /var/www/html/vendor/laravel/framework/src/Illuminate/Database/Connection.php:813)
