[2024-07-13 13:34:45] local.INFO: auth_user_info START  
[2024-07-13 13:34:45] local.INFO: auth_user_info END  
[2024-07-13 13:34:45] local.INFO: auth login redirectTo user = stdClass Object
(
    [id] => 12
    [name] => 山本 美咲
    [email] => user12@gmail.com
    [email_verified_at] => 
    [organization_id] => 1
    [user_id] => 12
    [login_flg] => 1
    [admin_flg] => 1
    [created_at] => 2024-07-08T03:00:00.000000Z
    [updated_at] => 2024-07-08T16:26:34.000000Z
    [deleted_at] => 
)
  
[2024-07-13 13:34:45] local.INFO: loginout operation update START  
[2024-07-13 13:34:45] local.INFO: beginTransaction - loginout operation update start  
[2024-07-13 13:34:45] local.INFO: beginTransaction - loginout operation update end(commit)  
[2024-07-13 13:34:45] local.INFO: loginout operation update END  
[2024-07-13 13:34:51] local.INFO: auth_user_info START  
[2024-07-13 13:34:51] local.INFO: auth_user_info END  
[2024-07-13 13:34:51] local.INFO: topclient index START $user->name = 山本 美咲  
[2024-07-13 13:34:51] local.INFO: topclient index END $user->name = 山本 美咲  
[2024-07-13 13:34:59] local.INFO: ChatClientController index START  
[2024-07-13 13:34:59] local.INFO: auth_user_info START  
[2024-07-13 13:34:59] local.INFO: auth_user_info END  
[2024-07-13 13:35:00] local.DEBUG: ChatClientController index  $user_id = 8  
[2024-07-13 13:35:00] local.INFO: chatcli_json_put_info_set START  
[2024-07-13 13:35:00] local.INFO: chatcli_json_put_info_set END  
[2024-07-13 13:35:00] local.INFO: ChatClientController index END  
[2024-07-13 13:35:02] local.INFO: Ajax ChatClientController index START  
[2024-07-13 13:35:02] local.INFO: auth_user_info START  
[2024-07-13 13:35:02] local.INFO: auth_user_info END  
[2024-07-13 13:35:02] local.DEBUG: Ajax ChatClientController index  ログインユーザーの$user_id = 12  
[2024-07-13 13:35:02] local.INFO: Ajax ChatClientController index END  
[2024-07-13 13:36:36] local.INFO: auth logout redirectTo user = stdClass Object
(
    [id] => 12
    [name] => 山本 美咲
    [email] => user12@gmail.com
    [email_verified_at] => 
    [organization_id] => 1
    [user_id] => 12
    [login_flg] => 1
    [admin_flg] => 1
    [created_at] => 2024-07-08T03:00:00.000000Z
    [updated_at] => 2024-07-08T16:26:34.000000Z
    [deleted_at] => 
)
  
[2024-07-13 13:36:36] local.INFO: loginout operation update START  
[2024-07-13 13:36:36] local.INFO: beginTransaction - loginout operation update start  
[2024-07-13 13:36:37] local.INFO: beginTransaction - loginout operation update end(commit)  
[2024-07-13 13:36:37] local.INFO: loginout operation update END  
[2024-07-13 13:37:58] local.INFO: auth_user_info START  
[2024-07-13 13:37:58] local.INFO: auth_user_info END  
[2024-07-13 13:37:58] local.INFO: auth login redirectTo user = stdClass Object
(
    [id] => 11
    [name] => 田中 健太郎
    [email] => user11@gmail.com
    [email_verified_at] => 
    [organization_id] => 1
    [user_id] => 11
    [login_flg] => 1
    [admin_flg] => 1
    [created_at] => 2024-07-08T03:00:00.000000Z
    [updated_at] => 2024-07-08T19:10:48.000000Z
    [deleted_at] => 
)
  
[2024-07-13 13:37:58] local.INFO: loginout operation update START  
[2024-07-13 13:37:58] local.INFO: beginTransaction - loginout operation update start  
[2024-07-13 13:37:58] local.INFO: beginTransaction - loginout operation update end(commit)  
[2024-07-13 13:37:58] local.INFO: loginout operation update END  
[2024-07-13 13:38:00] local.INFO: auth_user_info START  
[2024-07-13 13:38:00] local.INFO: auth_user_info END  
[2024-07-13 13:38:00] local.INFO: topclient index START $user->name = 田中 健太郎  
[2024-07-13 13:38:00] local.INFO: topclient index END $user->name = 田中 健太郎  
[2024-07-13 13:38:07] local.INFO: ChatClientController index START  
[2024-07-13 13:38:07] local.INFO: auth_user_info START  
[2024-07-13 13:38:07] local.INFO: auth_user_info END  
[2024-07-13 13:38:07] local.DEBUG: ChatClientController index  $user_id = 8  
[2024-07-13 13:38:07] local.INFO: chatcli_json_put_info_set START  
[2024-07-13 13:38:07] local.INFO: chatcli_json_put_info_set END  
[2024-07-13 13:38:07] local.INFO: ChatClientController index END  
[2024-07-13 13:38:10] local.INFO: Ajax ChatClientController index START  
[2024-07-13 13:38:10] local.INFO: auth_user_info START  
[2024-07-13 13:38:10] local.INFO: auth_user_info END  
[2024-07-13 13:38:10] local.DEBUG: Ajax ChatClientController index  ログインユーザーの$user_id = 11  
[2024-07-13 13:38:10] local.INFO: Ajax ChatClientController index END  
[2024-07-13 13:39:19] local.INFO: auth_user_info START  
[2024-07-13 13:39:19] local.INFO: auth_user_info END  
[2024-07-13 13:39:19] local.INFO: auth login redirectTo user = stdClass Object
(
    [id] => 8
    [name] => トレーナー08
    [email] => dummy08@gmail.com
    [email_verified_at] => 
    [organization_id] => 1
    [user_id] => 1
    [login_flg] => 3
    [admin_flg] => 1
    [created_at] => 2024-07-08T03:00:00.000000Z
    [updated_at] => 2024-07-08T19:36:22.000000Z
    [deleted_at] => 
)
  
[2024-07-13 13:39:19] local.INFO: loginout operation update START  
[2024-07-13 13:39:19] local.INFO: loginout operation update $id < 10 END  
[2024-07-13 13:39:21] local.INFO: auth_user_info START  
[2024-07-13 13:39:21] local.INFO: auth_user_info END  
[2024-07-13 13:39:21] local.INFO: office top index START $user->name = トレーナー08  
[2024-07-13 13:39:21] local.INFO: auth_user_organization START  
[2024-07-13 13:39:21] local.INFO: auth_user_organization END  
[2024-07-13 13:39:21] local.INFO: auth_customer_individual START  
[2024-07-13 13:39:21] local.INFO: auth_customer_individual END  
[2024-07-13 13:39:21] local.DEBUG: office top index customer_id  = 12  
[2024-07-13 13:39:22] local.INFO: office top index END $user->name = トレーナー08  
[2024-07-13 13:39:41] local.INFO: ChatController index START  
[2024-07-13 13:39:41] local.INFO: auth_user_info START  
[2024-07-13 13:39:41] local.INFO: auth_user_info END  
[2024-07-13 13:39:41] local.INFO: auth_customer_individual START  
[2024-07-13 13:39:41] local.INFO: auth_customer_individual END  
[2024-07-13 13:39:41] local.INFO: chattop_json_put_info_set START  
[2024-07-13 13:39:41] local.INFO: chattop_json_put_info_set END  
[2024-07-13 13:39:41] local.INFO: ChatController index END  
[2024-07-13 13:39:44] local.INFO: Ajax ChatController index START  
[2024-07-13 13:39:44] local.INFO: auth_user_info START  
[2024-07-13 13:39:44] local.INFO: auth_user_info END  
[2024-07-13 13:39:44] local.DEBUG: Ajax ChatClientController index  $user_id = 8  
[2024-07-13 13:39:44] local.INFO: Ajax ChatController index END  
[2024-07-13 13:57:16] local.INFO: ChatClientController index START  
[2024-07-13 13:57:16] local.INFO: auth_user_info START  
[2024-07-13 13:57:16] local.INFO: auth_user_info END  
[2024-07-13 13:57:16] local.DEBUG: ChatClientController index  $user_id = 8  
[2024-07-13 13:57:16] local.INFO: chatcli_json_put_info_set START  
[2024-07-13 13:57:16] local.INFO: chatcli_json_put_info_set END  
[2024-07-13 13:57:16] local.INFO: ChatClientController index END  
[2024-07-13 13:57:20] local.INFO: Ajax ChatClientController index START  
[2024-07-13 13:57:20] local.INFO: auth_user_info START  
[2024-07-13 13:57:21] local.INFO: auth_user_info END  
[2024-07-13 13:57:21] local.DEBUG: Ajax ChatClientController index  ログインユーザーの$user_id = 11  
[2024-07-13 13:57:21] local.INFO: Ajax ChatClientController index END  
[2024-07-13 13:57:55] local.INFO: Ajax ChatClientController create START  
[2024-07-13 13:57:55] local.INFO: chatcli_json_get_info START  
[2024-07-13 13:57:55] local.INFO: chatcli_json_get_info not empty  
[2024-07-13 13:57:55] local.INFO: chatcli_json_get_info END  
[2024-07-13 13:57:56] local.INFO: Ajax ChatClientController create END  
[2024-07-13 14:00:52] local.INFO: ChatClientController index START  
[2024-07-13 14:00:52] local.INFO: auth_user_info START  
[2024-07-13 14:00:53] local.INFO: auth_user_info END  
[2024-07-13 14:00:53] local.DEBUG: ChatClientController index  $user_id = 8  
[2024-07-13 14:00:53] local.INFO: chatcli_json_put_info_set START  
[2024-07-13 14:00:53] local.INFO: chatcli_json_put_info_set END  
[2024-07-13 14:00:53] local.INFO: ChatClientController index END  
[2024-07-13 14:00:56] local.INFO: Ajax ChatClientController index START  
[2024-07-13 14:00:56] local.INFO: auth_user_info START  
[2024-07-13 14:00:56] local.INFO: auth_user_info END  
[2024-07-13 14:00:56] local.DEBUG: Ajax ChatClientController index  ログインユーザーの$user_id = 11  
[2024-07-13 14:00:56] local.INFO: Ajax ChatClientController index END  
[2024-07-13 14:01:11] local.INFO: Ajax ChatClientController create START  
[2024-07-13 14:01:11] local.INFO: chatcli_json_get_info START  
[2024-07-13 14:01:11] local.INFO: chatcli_json_get_info not empty  
[2024-07-13 14:01:11] local.INFO: chatcli_json_get_info END  
[2024-07-13 14:01:11] local.INFO: Ajax ChatClientController create END  
[2024-07-13 14:01:14] local.INFO: Ajax ChatClientController index START  
[2024-07-13 14:01:14] local.INFO: auth_user_info START  
[2024-07-13 14:01:14] local.INFO: auth_user_info END  
[2024-07-13 14:01:14] local.DEBUG: Ajax ChatClientController index  ログインユーザーの$user_id = 11  
[2024-07-13 14:01:14] local.INFO: Ajax ChatClientController index END  
[2024-07-13 14:11:44] local.INFO: ChatClientController index START  
[2024-07-13 14:11:44] local.INFO: auth_user_info START  
[2024-07-13 14:11:45] local.INFO: auth_user_info END  
[2024-07-13 14:11:45] local.DEBUG: ChatClientController index  $user_id = 8  
[2024-07-13 14:11:45] local.INFO: chatcli_json_put_info_set START  
[2024-07-13 14:11:45] local.INFO: chatcli_json_put_info_set END  
[2024-07-13 14:11:45] local.INFO: ChatClientController index END  
[2024-07-13 14:11:48] local.INFO: Ajax ChatClientController index START  
[2024-07-13 14:11:48] local.INFO: auth_user_info START  
[2024-07-13 14:11:48] local.INFO: auth_user_info END  
[2024-07-13 14:11:48] local.DEBUG: Ajax ChatClientController index  ログインユーザーの$user_id = 11  
[2024-07-13 14:11:48] local.INFO: Ajax ChatClientController index END  
[2024-07-13 14:12:16] local.INFO: Ajax ChatClientController create START  
[2024-07-13 14:12:16] local.INFO: chatcli_json_get_info START  
[2024-07-13 14:12:16] local.INFO: chatcli_json_get_info not empty  
[2024-07-13 14:12:16] local.INFO: chatcli_json_get_info END  
[2024-07-13 14:12:16] local.INFO: Ajax ChatClientController create END  
[2024-07-13 14:12:20] local.INFO: Ajax ChatClientController index START  
[2024-07-13 14:12:20] local.INFO: auth_user_info START  
[2024-07-13 14:12:20] local.INFO: auth_user_info END  
[2024-07-13 14:12:20] local.DEBUG: Ajax ChatClientController index  ログインユーザーの$user_id = 11  
[2024-07-13 14:12:20] local.INFO: Ajax ChatClientController index END  
[2024-07-13 14:12:31] local.INFO: auth_user_info START  
[2024-07-13 14:12:31] local.INFO: auth_user_info END  
[2024-07-13 14:12:31] local.INFO: office top index START $user->name = トレーナー08  
[2024-07-13 14:12:31] local.INFO: auth_user_organization START  
[2024-07-13 14:12:31] local.INFO: auth_user_organization END  
[2024-07-13 14:12:31] local.INFO: auth_customer_individual START  
[2024-07-13 14:12:32] local.INFO: auth_customer_individual END  
[2024-07-13 14:12:32] local.DEBUG: office top index customer_id  = 12  
[2024-07-13 14:12:32] local.INFO: office top index END $user->name = トレーナー08  
[2024-07-13 14:17:02] local.INFO: auth_user_info START  
[2024-07-13 14:17:02] local.INFO: auth_user_info END  
[2024-07-13 14:17:02] local.INFO: office top index START $user->name = トレーナー08  
[2024-07-13 14:17:02] local.INFO: auth_user_organization START  
[2024-07-13 14:17:02] local.INFO: auth_user_organization END  
[2024-07-13 14:17:02] local.INFO: auth_customer_individual START  
[2024-07-13 14:17:02] local.INFO: auth_customer_individual END  
[2024-07-13 14:17:02] local.DEBUG: office top index customer_id  = 12  
[2024-07-13 14:17:02] local.INFO: office top index END $user->name = トレーナー08  
[2024-07-13 14:17:29] local.INFO: auth_user_info START  
[2024-07-13 14:17:29] local.INFO: auth_user_info END  
[2024-07-13 14:17:29] local.INFO: office top index START $user->name = トレーナー08  
[2024-07-13 14:17:29] local.INFO: auth_user_organization START  
[2024-07-13 14:17:29] local.INFO: auth_user_organization END  
[2024-07-13 14:17:29] local.INFO: auth_customer_individual START  
[2024-07-13 14:17:29] local.INFO: auth_customer_individual END  
[2024-07-13 14:17:29] local.DEBUG: office top index customer_id  = 12  
[2024-07-13 14:17:29] local.INFO: office top index END $user->name = トレーナー08  
[2024-07-13 14:26:41] local.INFO: auth logout redirectTo user = stdClass Object
(
    [id] => 11
    [name] => 田中 健太郎
    [email] => user11@gmail.com
    [email_verified_at] => 
    [organization_id] => 1
    [user_id] => 11
    [login_flg] => 1
    [admin_flg] => 1
    [created_at] => 2024-07-08T03:00:00.000000Z
    [updated_at] => 2024-07-08T19:10:48.000000Z
    [deleted_at] => 
)
  
[2024-07-13 14:26:41] local.INFO: loginout operation update START  
[2024-07-13 14:26:41] local.INFO: beginTransaction - loginout operation update start  
[2024-07-13 14:26:42] local.INFO: beginTransaction - loginout operation update end(commit)  
[2024-07-13 14:26:42] local.INFO: loginout operation update END  
[2024-07-13 14:27:10] local.INFO: auth_user_info START  
[2024-07-13 14:27:10] local.INFO: auth_user_info END  
[2024-07-13 14:27:10] local.INFO: auth login redirectTo user = stdClass Object
(
    [id] => 12
    [name] => 山本 美咲
    [email] => user12@gmail.com
    [email_verified_at] => 
    [organization_id] => 1
    [user_id] => 12
    [login_flg] => 1
    [admin_flg] => 1
    [created_at] => 2024-07-08T03:00:00.000000Z
    [updated_at] => 2024-07-08T16:26:34.000000Z
    [deleted_at] => 
)
  
[2024-07-13 14:27:10] local.INFO: loginout operation update START  
[2024-07-13 14:27:11] local.INFO: beginTransaction - loginout operation update start  
[2024-07-13 14:27:11] local.INFO: beginTransaction - loginout operation update end(commit)  
[2024-07-13 14:27:11] local.INFO: loginout operation update END  
[2024-07-13 14:27:13] local.INFO: auth_user_info START  
[2024-07-13 14:27:13] local.INFO: auth_user_info END  
[2024-07-13 14:27:13] local.INFO: topclient index START $user->name = 山本 美咲  
[2024-07-13 14:27:14] local.INFO: topclient index END $user->name = 山本 美咲  
[2024-07-13 14:27:25] local.INFO: ChatClientController index START  
[2024-07-13 14:27:25] local.INFO: auth_user_info START  
[2024-07-13 14:27:25] local.INFO: auth_user_info END  
[2024-07-13 14:27:25] local.DEBUG: ChatClientController index  $user_id = 8  
[2024-07-13 14:27:25] local.INFO: chatcli_json_put_info_set START  
[2024-07-13 14:27:25] local.INFO: chatcli_json_put_info_set END  
[2024-07-13 14:27:25] local.INFO: ChatClientController index END  
[2024-07-13 14:27:28] local.INFO: Ajax ChatClientController index START  
[2024-07-13 14:27:28] local.INFO: auth_user_info START  
[2024-07-13 14:27:28] local.INFO: auth_user_info END  
[2024-07-13 14:27:28] local.DEBUG: Ajax ChatClientController index  ログインユーザーの$user_id = 12  
[2024-07-13 14:27:28] local.INFO: Ajax ChatClientController index END  
[2024-07-13 14:27:54] local.INFO: Ajax ChatClientController create START  
[2024-07-13 14:27:54] local.INFO: chatcli_json_get_info START  
[2024-07-13 14:27:54] local.INFO: chatcli_json_get_info not empty  
[2024-07-13 14:27:54] local.INFO: chatcli_json_get_info END  
[2024-07-13 14:27:55] local.INFO: Ajax ChatClientController create END  
[2024-07-13 14:27:58] local.INFO: Ajax ChatClientController index START  
[2024-07-13 14:27:58] local.INFO: auth_user_info START  
[2024-07-13 14:27:58] local.INFO: auth_user_info END  
[2024-07-13 14:27:58] local.DEBUG: Ajax ChatClientController index  ログインユーザーの$user_id = 12  
[2024-07-13 14:27:58] local.INFO: Ajax ChatClientController index END  
[2024-07-13 14:28:02] local.INFO: auth_user_info START  
[2024-07-13 14:28:02] local.INFO: auth_user_info END  
[2024-07-13 14:28:02] local.INFO: office top index START $user->name = トレーナー08  
[2024-07-13 14:28:02] local.INFO: auth_user_organization START  
[2024-07-13 14:28:02] local.INFO: auth_user_organization END  
[2024-07-13 14:28:02] local.INFO: auth_customer_individual START  
[2024-07-13 14:28:02] local.INFO: auth_customer_individual END  
[2024-07-13 14:28:02] local.DEBUG: office top index customer_id  = 12  
[2024-07-13 14:28:02] local.INFO: office top index END $user->name = トレーナー08  
[2024-07-13 14:28:19] local.INFO: ChatController index START  
[2024-07-13 14:28:19] local.INFO: auth_user_info START  
[2024-07-13 14:28:19] local.INFO: auth_user_info END  
[2024-07-13 14:28:19] local.INFO: auth_customer_individual START  
[2024-07-13 14:28:19] local.INFO: auth_customer_individual END  
[2024-07-13 14:28:19] local.INFO: chattop_json_put_info_set START  
[2024-07-13 14:28:19] local.INFO: chattop_json_put_info_set END  
[2024-07-13 14:28:19] local.INFO: ChatController index END  
[2024-07-13 14:28:22] local.INFO: Ajax ChatController index START  
[2024-07-13 14:28:22] local.INFO: auth_user_info START  
[2024-07-13 14:28:22] local.INFO: auth_user_info END  
[2024-07-13 14:28:22] local.DEBUG: Ajax ChatClientController index  $user_id = 8  
[2024-07-13 14:28:22] local.ERROR: Class "App\Http\Controllers\Ajax\AnnouncementRead" not found {"userId":8,"exception":"[object] (Error(code: 0): Class \"App\\Http\\Controllers\\Ajax\\AnnouncementRead\" not found at /var/www/html/app/Http/Controllers/Ajax/ChatController.php:34)

[2024-07-13 14:32:07] local.INFO: ChatController serch START  
[2024-07-13 14:32:07] local.INFO: auth_user_info START  
[2024-07-13 14:32:07] local.INFO: auth_user_info END  
[2024-07-13 14:32:07] local.INFO: chattop_json_put_info_set START  
[2024-07-13 14:32:07] local.INFO: chattop_json_put_info_set END  
[2024-07-13 14:32:07] local.INFO: auth_customer_individual START  
[2024-07-13 14:32:07] local.INFO: auth_customer_individual END  
[2024-07-13 14:32:07] local.INFO: ChatController serch END  
[2024-07-13 14:32:10] local.INFO: Ajax ChatController index START  
[2024-07-13 14:32:10] local.INFO: auth_user_info START  
[2024-07-13 14:32:10] local.INFO: auth_user_info END  
[2024-07-13 14:32:10] local.DEBUG: Ajax ChatClientController index  $user_id = 8  
[2024-07-13 14:32:10] local.ERROR: Class "App\Http\Controllers\Ajax\AnnouncementRead" not found {"userId":8,"exception":"[object] (Error(code: 0): Class \"App\\Http\\Controllers\\Ajax\\AnnouncementRead\" not found at /var/www/html/app/Http/Controllers/Ajax/ChatController.php:34)
[2024-07-13 14:43:38] local.INFO: auth_user_info START  
[2024-07-13 14:43:38] local.INFO: auth_user_info END  
[2024-07-13 14:43:38] local.INFO: office top index START $user->name = トレーナー08  
[2024-07-13 14:43:38] local.INFO: auth_user_organization START  
[2024-07-13 14:43:38] local.INFO: auth_user_organization END  
[2024-07-13 14:43:38] local.INFO: auth_customer_individual START  
[2024-07-13 14:43:38] local.INFO: auth_customer_individual END  
[2024-07-13 14:43:38] local.DEBUG: office top index customer_id  = 12  
[2024-07-13 14:43:38] local.INFO: office top index END $user->name = トレーナー08  
[2024-07-13 14:43:41] local.INFO: auth_user_info START  
[2024-07-13 14:43:41] local.INFO: auth_user_info END  
[2024-07-13 14:43:41] local.INFO: office top index START $user->name = トレーナー08  
[2024-07-13 14:43:41] local.INFO: auth_user_organization START  
[2024-07-13 14:43:41] local.INFO: auth_user_organization END  
[2024-07-13 14:43:41] local.INFO: auth_customer_individual START  
[2024-07-13 14:43:41] local.INFO: auth_customer_individual END  
[2024-07-13 14:43:41] local.DEBUG: office top index customer_id  = 12  
[2024-07-13 14:43:41] local.INFO: office top index END $user->name = トレーナー08  
[2024-07-13 14:45:55] local.INFO: auth logout redirectTo user = stdClass Object
(
    [id] => 12
    [name] => 山本 美咲
    [email] => user12@gmail.com
    [email_verified_at] => 
    [organization_id] => 1
    [user_id] => 12
    [login_flg] => 1
    [admin_flg] => 1
    [created_at] => 2024-07-08T03:00:00.000000Z
    [updated_at] => 2024-07-08T16:26:34.000000Z
    [deleted_at] => 
)
  
[2024-07-13 14:45:55] local.INFO: loginout operation update START  
[2024-07-13 14:45:55] local.INFO: beginTransaction - loginout operation update start  
[2024-07-13 14:45:56] local.INFO: beginTransaction - loginout operation update end(commit)  
[2024-07-13 14:45:56] local.INFO: loginout operation update END  
[2024-07-13 14:46:18] local.INFO: auth_user_info START  
[2024-07-13 14:46:18] local.INFO: auth_user_info END  
[2024-07-13 14:46:18] local.INFO: auth login redirectTo user = stdClass Object
(
    [id] => 13
    [name] => 鈴木 大輔
    [email] => user13@gmail.com
    [email_verified_at] => 
    [organization_id] => 1
    [user_id] => 13
    [login_flg] => 1
    [admin_flg] => 1
    [created_at] => 2024-07-08T03:00:00.000000Z
    [updated_at] => 2024-07-09T03:32:25.000000Z
    [deleted_at] => 
)
  
[2024-07-13 14:46:18] local.INFO: loginout operation update START  
[2024-07-13 14:46:18] local.INFO: beginTransaction - loginout operation update start  
[2024-07-13 14:46:19] local.INFO: beginTransaction - loginout operation update end(commit)  
[2024-07-13 14:46:19] local.INFO: loginout operation update END  
[2024-07-13 14:46:21] local.INFO: auth_user_info START  
[2024-07-13 14:46:21] local.INFO: auth_user_info END  
[2024-07-13 14:46:21] local.INFO: topclient index START $user->name = 鈴木 大輔  
[2024-07-13 14:46:21] local.INFO: topclient index END $user->name = 鈴木 大輔  
[2024-07-13 14:46:27] local.INFO: ChatClientController index START  
[2024-07-13 14:46:27] local.INFO: auth_user_info START  
[2024-07-13 14:46:27] local.INFO: auth_user_info END  
[2024-07-13 14:46:27] local.DEBUG: ChatClientController index  $user_id = 8  
[2024-07-13 14:46:27] local.INFO: chatcli_json_put_info_set START  
[2024-07-13 14:46:27] local.INFO: chatcli_json_put_info_set END  
[2024-07-13 14:46:27] local.INFO: ChatClientController index END  
[2024-07-13 14:46:30] local.INFO: Ajax ChatClientController index START  
[2024-07-13 14:46:30] local.INFO: auth_user_info START  
[2024-07-13 14:46:30] local.INFO: auth_user_info END  
[2024-07-13 14:46:30] local.DEBUG: Ajax ChatClientController index  ログインユーザーの$user_id = 13  
[2024-07-13 14:46:30] local.INFO: Ajax ChatClientController index END  
[2024-07-13 14:46:58] local.INFO: Ajax ChatClientController create START  
[2024-07-13 14:46:58] local.INFO: chatcli_json_get_info START  
[2024-07-13 14:46:58] local.INFO: chatcli_json_get_info not empty  
[2024-07-13 14:46:58] local.INFO: chatcli_json_get_info END  
[2024-07-13 14:46:58] local.INFO: Ajax ChatClientController create END  
[2024-07-13 14:47:01] local.INFO: Ajax ChatClientController index START  
[2024-07-13 14:47:01] local.INFO: auth_user_info START  
[2024-07-13 14:47:01] local.INFO: auth_user_info END  
[2024-07-13 14:47:01] local.DEBUG: Ajax ChatClientController index  ログインユーザーの$user_id = 13  
[2024-07-13 14:47:01] local.INFO: Ajax ChatClientController index END  
[2024-07-13 14:48:05] local.INFO: auth logout redirectTo user = stdClass Object
(
    [id] => 8
    [name] => トレーナー08
    [email] => dummy08@gmail.com
    [email_verified_at] => 
    [organization_id] => 1
    [user_id] => 1
    [login_flg] => 3
    [admin_flg] => 1
    [created_at] => 2024-07-08T03:00:00.000000Z
    [updated_at] => 2024-07-08T19:36:22.000000Z
    [deleted_at] => 
)
  
[2024-07-13 14:48:05] local.INFO: loginout operation update START  
[2024-07-13 14:48:05] local.INFO: loginout operation update $id < 10 END  
[2024-07-13 14:48:35] local.INFO: auth_user_info START  
[2024-07-13 14:48:35] local.INFO: auth_user_info END  
[2024-07-13 14:48:35] local.INFO: auth login redirectTo user = stdClass Object
(
    [id] => 8
    [name] => トレーナー08
    [email] => dummy08@gmail.com
    [email_verified_at] => 
    [organization_id] => 1
    [user_id] => 1
    [login_flg] => 3
    [admin_flg] => 1
    [created_at] => 2024-07-08T03:00:00.000000Z
    [updated_at] => 2024-07-08T19:36:22.000000Z
    [deleted_at] => 
)
  
[2024-07-13 14:48:35] local.INFO: loginout operation update START  
[2024-07-13 14:48:35] local.INFO: loginout operation update $id < 10 END  
[2024-07-13 14:48:38] local.INFO: auth_user_info START  
[2024-07-13 14:48:38] local.INFO: auth_user_info END  
[2024-07-13 14:48:38] local.INFO: office top index START $user->name = トレーナー08  
[2024-07-13 14:48:38] local.INFO: auth_user_organization START  
[2024-07-13 14:48:38] local.INFO: auth_user_organization END  
[2024-07-13 14:48:38] local.INFO: auth_customer_individual START  
[2024-07-13 14:48:39] local.INFO: auth_customer_individual END  
[2024-07-13 14:48:39] local.DEBUG: office top index customer_id  = 12  
[2024-07-13 14:48:39] local.INFO: office top index END $user->name = トレーナー08  
[2024-07-13 14:48:58] local.INFO: ChatController index START  
[2024-07-13 14:48:58] local.INFO: auth_user_info START  
[2024-07-13 14:48:58] local.INFO: auth_user_info END  
[2024-07-13 14:48:58] local.INFO: auth_customer_individual START  
[2024-07-13 14:48:58] local.INFO: auth_customer_individual END  
[2024-07-13 14:48:58] local.INFO: chattop_json_put_info_set START  
[2024-07-13 14:48:58] local.INFO: chattop_json_put_info_set END  
[2024-07-13 14:48:58] local.ERROR: Class "App\Http\Controllers\Announcement" not found {"userId":8,"exception":"[object] (Error(code: 0): Class \"App\\Http\\Controllers\\Announcement\" not found at /var/www/html/app/Http/Controllers/ChatController.php:68)
[2024-07-13 14:49:57] local.INFO: auth logout redirectTo user = stdClass Object
(
    [id] => 8
    [name] => トレーナー08
    [email] => dummy08@gmail.com
    [email_verified_at] => 
    [organization_id] => 1
    [user_id] => 1
    [login_flg] => 3
    [admin_flg] => 1
    [created_at] => 2024-07-08T03:00:00.000000Z
    [updated_at] => 2024-07-08T19:36:22.000000Z
    [deleted_at] => 
)
  
[2024-07-13 14:49:57] local.INFO: loginout operation update START  
[2024-07-13 14:49:57] local.INFO: loginout operation update $id < 10 END  
