[2024-06-23 07:06:44] local.INFO: auth_user_info START  
[2024-06-23 07:06:44] local.INFO: auth_user_info END  
[2024-06-23 07:06:44] local.INFO: auth login redirectTo user = stdClass Object
(
    [id] => 1
    [name] => 新冨泰明
    [email] => shintomi.sh@gmail.com
    [email_verified_at] => 
    [organization_id] => 0
    [user_id] => 1
    [login_flg] => 2
    [admin_flg] => 2
    [created_at] => 2022-10-20T03:00:00.000000Z
    [updated_at] => 2024-05-27T03:06:38.000000Z
    [deleted_at] => 
)
  
[2024-06-23 07:06:44] local.INFO: loginout operation update START  
[2024-06-23 07:06:44] local.INFO: loginout operation update $id < 10 END  
[2024-06-23 07:06:47] local.INFO: ChatController serch START  
[2024-06-23 07:06:47] local.INFO: auth_user_info START  
[2024-06-23 07:06:47] local.INFO: auth_user_info END  
[2024-06-23 07:06:47] local.INFO: auth_customer_allrec START  
[2024-06-23 07:06:47] local.INFO: auth_customer_findrec END  
[2024-06-23 07:06:47] local.INFO: ChatController serch END  
[2024-06-23 07:06:50] local.INFO: Ajax ChatController index START  
[2024-06-23 07:06:50] local.INFO: auth_user_info START  
[2024-06-23 07:06:50] local.INFO: auth_user_info END  
[2024-06-23 07:06:50] local.INFO: Ajax ChatController json_get_info  START  
[2024-06-23 07:06:50] local.INFO: Ajax ChatController json_get_info not empty  
[2024-06-23 07:06:50] local.INFO: Ajax ChatController json_get_info  END  
[2024-06-23 07:06:50] local.INFO: Ajax ChatController index END  
[2024-06-23 07:06:56] local.INFO: ChatController index START  
[2024-06-23 07:06:56] local.INFO: auth_user_info START  
[2024-06-23 07:06:56] local.INFO: auth_user_info END  
[2024-06-23 07:06:56] local.INFO: auth_customer_allrec START  
[2024-06-23 07:06:56] local.INFO: auth_customer_findrec END  
[2024-06-23 07:06:56] local.INFO: Ajax ChatController json_get_info  START  
[2024-06-23 07:06:56] local.INFO: Ajax ChatController json_get_info not empty  
[2024-06-23 07:06:56] local.INFO: Ajax ChatController json_get_info  END  
[2024-06-23 07:06:56] local.DEBUG: ChatController index customer_id  = 11  
[2024-06-23 07:06:57] local.INFO: ChatController index END  
[2024-06-23 07:06:59] local.INFO: Ajax ChatController index START  
[2024-06-23 07:06:59] local.INFO: auth_user_info START  
[2024-06-23 07:06:59] local.INFO: auth_user_info END  
[2024-06-23 07:06:59] local.INFO: Ajax ChatController json_get_info  START  
[2024-06-23 07:06:59] local.INFO: Ajax ChatController json_get_info not empty  
[2024-06-23 07:06:59] local.INFO: Ajax ChatController json_get_info  END  
[2024-06-23 07:06:59] local.INFO: Ajax ChatController index END  
[2024-06-23 07:07:12] local.INFO: ChatController serch START  
[2024-06-23 07:07:12] local.INFO: auth_user_info START  
[2024-06-23 07:07:12] local.INFO: auth_user_info END  
[2024-06-23 07:07:12] local.INFO: auth_customer_allrec START  
[2024-06-23 07:07:12] local.INFO: auth_customer_findrec END  
[2024-06-23 07:07:12] local.INFO: ChatController serch END  
[2024-06-23 07:07:15] local.INFO: Ajax ChatController index START  
[2024-06-23 07:07:15] local.INFO: auth_user_info START  
[2024-06-23 07:07:15] local.INFO: auth_user_info END  
[2024-06-23 07:07:15] local.INFO: Ajax ChatController json_get_info  START  
[2024-06-23 07:07:15] local.INFO: Ajax ChatController json_get_info not empty  
[2024-06-23 07:07:15] local.INFO: Ajax ChatController json_get_info  END  
[2024-06-23 07:07:15] local.INFO: Ajax ChatController index END  
[2024-06-23 07:11:14] local.INFO: ChatController index START  
[2024-06-23 07:11:14] local.INFO: auth_user_info START  
[2024-06-23 07:11:14] local.INFO: auth_user_info END  
[2024-06-23 07:11:14] local.INFO: auth_customer_allrec START  
[2024-06-23 07:11:14] local.INFO: auth_customer_findrec END  
[2024-06-23 07:11:14] local.INFO: Ajax ChatController json_get_info  START  
[2024-06-23 07:11:14] local.INFO: Ajax ChatController json_get_info not empty  
[2024-06-23 07:11:14] local.INFO: Ajax ChatController json_get_info  END  
[2024-06-23 07:11:14] local.DEBUG: ChatController index customer_id  = 11  
[2024-06-23 07:11:15] local.INFO: ChatController index END  
[2024-06-23 07:11:18] local.INFO: Ajax ChatController index START  
[2024-06-23 07:11:18] local.INFO: auth_user_info START  
[2024-06-23 07:11:18] local.INFO: auth_user_info END  
[2024-06-23 07:11:18] local.INFO: Ajax ChatController json_get_info  START  
[2024-06-23 07:11:18] local.INFO: Ajax ChatController json_get_info not empty  
[2024-06-23 07:11:18] local.INFO: Ajax ChatController json_get_info  END  
[2024-06-23 07:11:18] local.INFO: Ajax ChatController index END  
[2024-06-23 07:13:35] local.INFO: ChatController index START  
[2024-06-23 07:13:35] local.INFO: auth_user_info START  
[2024-06-23 07:13:35] local.INFO: auth_user_info END  
[2024-06-23 07:13:35] local.INFO: auth_customer_allrec START  
[2024-06-23 07:13:35] local.INFO: auth_customer_findrec END  
[2024-06-23 07:13:35] local.INFO: Ajax ChatController json_get_info  START  
[2024-06-23 07:13:35] local.INFO: Ajax ChatController json_get_info not empty  
[2024-06-23 07:13:35] local.INFO: Ajax ChatController json_get_info  END  
[2024-06-23 07:13:35] local.DEBUG: ChatController index customer_id  = 11  
[2024-06-23 07:13:36] local.INFO: ChatController index END  
[2024-06-23 07:13:39] local.INFO: Ajax ChatController index START  
[2024-06-23 07:13:39] local.INFO: auth_user_info START  
[2024-06-23 07:13:39] local.INFO: auth_user_info END  
[2024-06-23 07:13:39] local.INFO: Ajax ChatController json_get_info  START  
[2024-06-23 07:13:39] local.INFO: Ajax ChatController json_get_info not empty  
[2024-06-23 07:13:39] local.INFO: Ajax ChatController json_get_info  END  
[2024-06-23 07:13:39] local.INFO: Ajax ChatController index END  
[2024-06-23 07:14:07] local.INFO: ChatController index START  
[2024-06-23 07:14:07] local.INFO: auth_user_info START  
[2024-06-23 07:14:07] local.INFO: auth_user_info END  
[2024-06-23 07:14:07] local.INFO: auth_customer_allrec START  
[2024-06-23 07:14:07] local.INFO: auth_customer_findrec END  
[2024-06-23 07:14:07] local.INFO: Ajax ChatController json_get_info  START  
[2024-06-23 07:14:07] local.INFO: Ajax ChatController json_get_info not empty  
[2024-06-23 07:14:07] local.INFO: Ajax ChatController json_get_info  END  
[2024-06-23 07:14:07] local.DEBUG: ChatController index customer_id  = 11  
[2024-06-23 07:14:07] local.INFO: ChatController index END  
[2024-06-23 07:14:10] local.INFO: Ajax ChatController index START  
[2024-06-23 07:14:10] local.INFO: auth_user_info START  
[2024-06-23 07:14:10] local.INFO: auth_user_info END  
[2024-06-23 07:14:10] local.INFO: Ajax ChatController json_get_info  START  
[2024-06-23 07:14:10] local.INFO: Ajax ChatController json_get_info not empty  
[2024-06-23 07:14:10] local.INFO: Ajax ChatController json_get_info  END  
[2024-06-23 07:14:10] local.INFO: Ajax ChatController index END  
[2024-06-23 07:16:15] local.INFO: ChatController index START  
[2024-06-23 07:16:15] local.INFO: auth_user_info START  
[2024-06-23 07:16:15] local.INFO: auth_user_info END  
[2024-06-23 07:16:15] local.INFO: auth_customer_allrec START  
[2024-06-23 07:16:15] local.INFO: auth_customer_findrec END  
[2024-06-23 07:16:15] local.INFO: Ajax ChatController json_get_info  START  
[2024-06-23 07:16:15] local.INFO: Ajax ChatController json_get_info not empty  
[2024-06-23 07:16:15] local.INFO: Ajax ChatController json_get_info  END  
[2024-06-23 07:16:15] local.DEBUG: ChatController index customer_id  = 11  
[2024-06-23 07:16:15] local.INFO: ChatController index END  
[2024-06-23 07:16:18] local.INFO: Ajax ChatController index START  
[2024-06-23 07:16:18] local.INFO: auth_user_info START  
[2024-06-23 07:16:18] local.INFO: auth_user_info END  
[2024-06-23 07:16:18] local.INFO: Ajax ChatController json_get_info  START  
[2024-06-23 07:16:18] local.INFO: Ajax ChatController json_get_info not empty  
[2024-06-23 07:16:18] local.INFO: Ajax ChatController json_get_info  END  
[2024-06-23 07:16:18] local.INFO: Ajax ChatController index END  
[2024-06-23 07:16:38] local.INFO: ChatController serch START  
[2024-06-23 07:16:38] local.INFO: auth_user_info START  
[2024-06-23 07:16:39] local.INFO: auth_user_info END  
[2024-06-23 07:16:39] local.INFO: auth_customer_allrec START  
[2024-06-23 07:16:39] local.INFO: auth_customer_findrec END  
[2024-06-23 07:16:39] local.INFO: ChatController serch END  
[2024-06-23 07:16:44] local.INFO: Ajax ChatController index START  
[2024-06-23 07:16:44] local.INFO: auth_user_info START  
[2024-06-23 07:16:44] local.INFO: auth_user_info END  
[2024-06-23 07:16:44] local.INFO: Ajax ChatController json_get_info  START  
[2024-06-23 07:16:44] local.INFO: Ajax ChatController json_get_info not empty  
[2024-06-23 07:16:44] local.INFO: Ajax ChatController json_get_info  END  
[2024-06-23 07:16:44] local.INFO: Ajax ChatController index END  
[2024-06-23 07:23:36] local.INFO: Ajax ChatController create START  
[2024-06-23 07:23:36] local.DEBUG: Ajax ChatController create  $customer_id = Array
(
    [message] => さくらさん
おはようございます。
)
  
[2024-06-23 07:23:36] local.ERROR: Array to string conversion (Connection: mysql, SQL: insert into `messages` (`body`, `to_flg`, `user_id`, `customer_id`, `organization_id`, `updated_at`, `created_at`) values (さくらさん
おはようございます。, 1, 1, ?, 1, 2024-06-23 07:23:36, 2024-06-23 07:23:36)) {"userId":1,"exception":"[object] (Illuminate\\Database\\QueryException(code: 0): Array to string conversion (Connection: mysql, SQL: insert into `messages` (`body`, `to_flg`, `user_id`, `customer_id`, `organization_id`, `updated_at`, `created_at`) values (さくらさん
おはようございます。, 1, 1, ?, 1, 2024-06-23 07:23:36, 2024-06-23 07:23:36)) at /var/www/html/vendor/laravel/framework/src/Illuminate/Database/Connection.php:813)
[stacktrace]
#0 /var/www/html/vendor/laravel/framework/src/Illuminate/Database/Connection.php(767): Illuminate\\Database\\Connection->runQueryCallback()
#1 /var/www/html/vendor/laravel/framework/src/Illuminate/Database/Connection.php(560): Illuminate\\Database\\Connection->run()
#2 /var/www/html/vendor/laravel/framework/src/Illuminate/Database/Connection.php(524): Illuminate\\Database\\Connection->statement()
#3 /var/www/html/vendor/laravel/framework/src/Illuminate/Database/Query/Processors/Processor.php(32): Illuminate\\Database\\Connection->insert()
#4 /var/www/html/vendor/laravel/framework/src/Illuminate/Database/Query/Builder.php(3659): Illuminate\\Database\\Query\\Processors\\Processor->processInsertGetId()
#5 /var/www/html/vendor/laravel/framework/src/Illuminate/Database/Eloquent/Builder.php(2025): Illuminate\\Database\\Query\\Builder->insertGetId()
#6 /var/www/html/vendor/laravel/framework/src/Illuminate/Database/Eloquent/Model.php(1338): Illuminate\\Database\\Eloquent\\Builder->__call()
#7 /var/www/html/vendor/laravel/framework/src/Illuminate/Database/Eloquent/Model.php(1303): Illuminate\\Database\\Eloquent\\Model->insertAndSetId()
#8 /var/www/html/vendor/laravel/framework/src/Illuminate/Database/Eloquent/Model.php(1142): Illuminate\\Database\\Eloquent\\Model->performInsert()
#9 /var/www/html/vendor/laravel/framework/src/Illuminate/Database/Eloquent/Relations/HasOneOrMany.php(342): Illuminate\\Database\\Eloquent\\Model->save()
#10 /var/www/html/vendor/laravel/framework/src/Illuminate/Support/helpers.php(363): Illuminate\\Database\\Eloquent\\Relations\\HasOneOrMany->Illuminate\\Database\\Eloquent\\Relations\\{closure}()
#11 /var/www/html/vendor/laravel/framework/src/Illuminate/Database/Eloquent/Relations/HasOneOrMany.php(339): tap()
#12 /var/www/html/app/Http/Controllers/Ajax/ChatController.php(61): Illuminate\\Database\\Eloquent\\Relations\\HasOneOrMany->create()
#13 /var/www/html/vendor/laravel/framework/src/Illuminate/Routing/Controller.php(54): App\\Http\\Controllers\\Ajax\\ChatController->create()
#14 /var/www/html/vendor/laravel/framework/src/Illuminate/Routing/ControllerDispatcher.php(43): Illuminate\\Routing\\Controller->callAction()
#15 /var/www/html/vendor/laravel/framework/src/Illuminate/Routing/Route.php(260): Illuminate\\Routing\\ControllerDispatcher->dispatch()
#16 /var/www/html/vendor/laravel/framework/src/Illuminate/Routing/Route.php(206): Illuminate\\Routing\\Route->runController()
#17 /var/www/html/vendor/laravel/framework/src/Illuminate/Routing/Router.php(806): Illuminate\\Routing\\Route->run()
#18 /var/www/html/vendor/laravel/framework/src/Illuminate/Pipeline/Pipeline.php(144): Illuminate\\Routing\\Router->Illuminate\\Routing\\{closure}()
#19 /var/www/html/vendor/laravel/framework/src/Illuminate/Routing/Middleware/SubstituteBindings.php(50): Illuminate\\Pipeline\\Pipeline->Illuminate\\Pipeline\\{closure}()
#20 /var/www/html/vendor/laravel/framework/src/Illuminate/Pipeline/Pipeline.php(183): Illuminate\\Routing\\Middleware\\SubstituteBindings->handle()
#21 /var/www/html/vendor/laravel/framework/src/Illuminate/Auth/Middleware/Authenticate.php(64): Illuminate\\Pipeline\\Pipeline->Illuminate\\Pipeline\\{closure}()
#22 /var/www/html/vendor/laravel/framework/src/Illuminate/Pipeline/Pipeline.php(183): Illuminate\\Auth\\Middleware\\Authenticate->handle()
#23 /var/www/html/vendor/laravel/framework/src/Illuminate/Foundation/Http/Middleware/VerifyCsrfToken.php(88): Illuminate\\Pipeline\\Pipeline->Illuminate\\Pipeline\\{closure}()
#24 /var/www/html/vendor/laravel/framework/src/Illuminate/Pipeline/Pipeline.php(183): Illuminate\\Foundation\\Http\\Middleware\\VerifyCsrfToken->handle()
#25 /var/www/html/vendor/laravel/framework/src/Illuminate/View/Middleware/ShareErrorsFromSession.php(49): Illuminate\\Pipeline\\Pipeline->Illuminate\\Pipeline\\{closure}()
#26 /var/www/html/vendor/laravel/framework/src/Illuminate/Pipeline/Pipeline.php(183): Illuminate\\View\\Middleware\\ShareErrorsFromSession->handle()
#27 /var/www/html/vendor/laravel/framework/src/Illuminate/Session/Middleware/StartSession.php(121): Illuminate\\Pipeline\\Pipeline->Illuminate\\Pipeline\\{closure}()
#28 /var/www/html/vendor/laravel/framework/src/Illuminate/Session/Middleware/StartSession.php(64): Illuminate\\Session\\Middleware\\StartSession->handleStatefulRequest()
#29 /var/www/html/vendor/laravel/framework/src/Illuminate/Pipeline/Pipeline.php(183): Illuminate\\Session\\Middleware\\StartSession->handle()
#30 /var/www/html/vendor/laravel/framework/src/Illuminate/Cookie/Middleware/AddQueuedCookiesToResponse.php(37): Illuminate\\Pipeline\\Pipeline->Illuminate\\Pipeline\\{closure}()
#31 /var/www/html/vendor/laravel/framework/src/Illuminate/Pipeline/Pipeline.php(183): Illuminate\\Cookie\\Middleware\\AddQueuedCookiesToResponse->handle()
#32 /var/www/html/vendor/laravel/framework/src/Illuminate/Cookie/Middleware/EncryptCookies.php(75): Illuminate\\Pipeline\\Pipeline->Illuminate\\Pipeline\\{closure}()
#33 /var/www/html/vendor/laravel/framework/src/Illuminate/Pipeline/Pipeline.php(183): Illuminate\\Cookie\\Middleware\\EncryptCookies->handle()
#34 /var/www/html/vendor/laravel/framework/src/Illuminate/Pipeline/Pipeline.php(119): Illuminate\\Pipeline\\Pipeline->Illuminate\\Pipeline\\{closure}()
#35 /var/www/html/vendor/laravel/framework/src/Illuminate/Routing/Router.php(805): Illuminate\\Pipeline\\Pipeline->then()
#36 /var/www/html/vendor/laravel/framework/src/Illuminate/Routing/Router.php(784): Illuminate\\Routing\\Router->runRouteWithinStack()
#37 /var/www/html/vendor/laravel/framework/src/Illuminate/Routing/Router.php(748): Illuminate\\Routing\\Router->runRoute()
#38 /var/www/html/vendor/laravel/framework/src/Illuminate/Routing/Router.php(737): Illuminate\\Routing\\Router->dispatchToRoute()
#39 /var/www/html/vendor/laravel/framework/src/Illuminate/Foundation/Http/Kernel.php(200): Illuminate\\Routing\\Router->dispatch()
#40 /var/www/html/vendor/laravel/framework/src/Illuminate/Pipeline/Pipeline.php(144): Illuminate\\Foundation\\Http\\Kernel->Illuminate\\Foundation\\Http\\{closure}()
#41 /var/www/html/vendor/livewire/livewire/src/Features/SupportDisablingBackButtonCache/DisableBackButtonCacheMiddleware.php(19): Illuminate\\Pipeline\\Pipeline->Illuminate\\Pipeline\\{closure}()
#42 /var/www/html/vendor/laravel/framework/src/Illuminate/Pipeline/Pipeline.php(183): Livewire\\Features\\SupportDisablingBackButtonCache\\DisableBackButtonCacheMiddleware->handle()
#43 /var/www/html/vendor/barryvdh/laravel-debugbar/src/Middleware/InjectDebugbar.php(66): Illuminate\\Pipeline\\Pipeline->Illuminate\\Pipeline\\{closure}()
#44 /var/www/html/vendor/laravel/framework/src/Illuminate/Pipeline/Pipeline.php(183): Barryvdh\\Debugbar\\Middleware\\InjectDebugbar->handle()
#45 /var/www/html/vendor/laravel/framework/src/Illuminate/Foundation/Http/Middleware/TransformsRequest.php(21): Illuminate\\Pipeline\\Pipeline->Illuminate\\Pipeline\\{closure}()
#46 /var/www/html/vendor/laravel/framework/src/Illuminate/Foundation/Http/Middleware/ConvertEmptyStringsToNull.php(31): Illuminate\\Foundation\\Http\\Middleware\\TransformsRequest->handle()
#47 /var/www/html/vendor/laravel/framework/src/Illuminate/Pipeline/Pipeline.php(183): Illuminate\\Foundation\\Http\\Middleware\\ConvertEmptyStringsToNull->handle()
#48 /var/www/html/vendor/laravel/framework/src/Illuminate/Foundation/Http/Middleware/TransformsRequest.php(21): Illuminate\\Pipeline\\Pipeline->Illuminate\\Pipeline\\{closure}()
#49 /var/www/html/vendor/laravel/framework/src/Illuminate/Foundation/Http/Middleware/TrimStrings.php(51): Illuminate\\Foundation\\Http\\Middleware\\TransformsRequest->handle()
#50 /var/www/html/vendor/laravel/framework/src/Illuminate/Pipeline/Pipeline.php(183): Illuminate\\Foundation\\Http\\Middleware\\TrimStrings->handle()
#51 /var/www/html/vendor/laravel/framework/src/Illuminate/Http/Middleware/ValidatePostSize.php(27): Illuminate\\Pipeline\\Pipeline->Illuminate\\Pipeline\\{closure}()
#52 /var/www/html/vendor/laravel/framework/src/Illuminate/Pipeline/Pipeline.php(183): Illuminate\\Http\\Middleware\\ValidatePostSize->handle()
#53 /var/www/html/vendor/laravel/framework/src/Illuminate/Foundation/Http/Middleware/PreventRequestsDuringMaintenance.php(110): Illuminate\\Pipeline\\Pipeline->Illuminate\\Pipeline\\{closure}()
#54 /var/www/html/vendor/laravel/framework/src/Illuminate/Pipeline/Pipeline.php(183): Illuminate\\Foundation\\Http\\Middleware\\PreventRequestsDuringMaintenance->handle()
#55 /var/www/html/vendor/laravel/framework/src/Illuminate/Http/Middleware/HandleCors.php(49): Illuminate\\Pipeline\\Pipeline->Illuminate\\Pipeline\\{closure}()
#56 /var/www/html/vendor/laravel/framework/src/Illuminate/Pipeline/Pipeline.php(183): Illuminate\\Http\\Middleware\\HandleCors->handle()
#57 /var/www/html/vendor/laravel/framework/src/Illuminate/Http/Middleware/TrustProxies.php(57): Illuminate\\Pipeline\\Pipeline->Illuminate\\Pipeline\\{closure}()
#58 /var/www/html/vendor/laravel/framework/src/Illuminate/Pipeline/Pipeline.php(183): Illuminate\\Http\\Middleware\\TrustProxies->handle()
#59 /var/www/html/vendor/laravel/framework/src/Illuminate/Pipeline/Pipeline.php(119): Illuminate\\Pipeline\\Pipeline->Illuminate\\Pipeline\\{closure}()
#60 /var/www/html/vendor/laravel/framework/src/Illuminate/Foundation/Http/Kernel.php(175): Illuminate\\Pipeline\\Pipeline->then()
#61 /var/www/html/vendor/laravel/framework/src/Illuminate/Foundation/Http/Kernel.php(144): Illuminate\\Foundation\\Http\\Kernel->sendRequestThroughRouter()
#62 /var/www/html/vendor/laravel/framework/src/Illuminate/Foundation/Application.php(1172): Illuminate\\Foundation\\Http\\Kernel->handle()
#63 /var/www/html/public/index.php(17): Illuminate\\Foundation\\Application->handleRequest()
#64 /var/www/html/vendor/laravel/framework/src/Illuminate/Foundation/resources/server.php(16): require_once('...')
#65 {main}

[previous exception] [object] (ErrorException(code: 0): Array to string conversion at /var/www/html/vendor/laravel/framework/src/Illuminate/Database/Connection.php:707)
[stacktrace]
#0 /var/www/html/vendor/laravel/framework/src/Illuminate/Foundation/Bootstrap/HandleExceptions.php(256): Illuminate\\Foundation\\Bootstrap\\HandleExceptions->handleError()
#1 [internal function]: Illuminate\\Foundation\\Bootstrap\\HandleExceptions->Illuminate\\Foundation\\Bootstrap\\{closure}()
#2 /var/www/html/vendor/laravel/framework/src/Illuminate/Database/Connection.php(707): PDOStatement->bindValue()
#3 /var/www/html/vendor/laravel/framework/src/Illuminate/Database/Connection.php(567): Illuminate\\Database\\Connection->bindValues()
#4 /var/www/html/vendor/laravel/framework/src/Illuminate/Database/Connection.php(800): Illuminate\\Database\\Connection->Illuminate\\Database\\{closure}()
#5 /var/www/html/vendor/laravel/framework/src/Illuminate/Database/Connection.php(767): Illuminate\\Database\\Connection->runQueryCallback()
#6 /var/www/html/vendor/laravel/framework/src/Illuminate/Database/Connection.php(560): Illuminate\\Database\\Connection->run()
#7 /var/www/html/vendor/laravel/framework/src/Illuminate/Database/Connection.php(524): Illuminate\\Database\\Connection->statement()
#8 /var/www/html/vendor/laravel/framework/src/Illuminate/Database/Query/Processors/Processor.php(32): Illuminate\\Database\\Connection->insert()
#9 /var/www/html/vendor/laravel/framework/src/Illuminate/Database/Query/Builder.php(3659): Illuminate\\Database\\Query\\Processors\\Processor->processInsertGetId()
#10 /var/www/html/vendor/laravel/framework/src/Illuminate/Database/Eloquent/Builder.php(2025): Illuminate\\Database\\Query\\Builder->insertGetId()
#11 /var/www/html/vendor/laravel/framework/src/Illuminate/Database/Eloquent/Model.php(1338): Illuminate\\Database\\Eloquent\\Builder->__call()
#12 /var/www/html/vendor/laravel/framework/src/Illuminate/Database/Eloquent/Model.php(1303): Illuminate\\Database\\Eloquent\\Model->insertAndSetId()
#13 /var/www/html/vendor/laravel/framework/src/Illuminate/Database/Eloquent/Model.php(1142): Illuminate\\Database\\Eloquent\\Model->performInsert()
#14 /var/www/html/vendor/laravel/framework/src/Illuminate/Database/Eloquent/Relations/HasOneOrMany.php(342): Illuminate\\Database\\Eloquent\\Model->save()
#15 /var/www/html/vendor/laravel/framework/src/Illuminate/Support/helpers.php(363): Illuminate\\Database\\Eloquent\\Relations\\HasOneOrMany->Illuminate\\Database\\Eloquent\\Relations\\{closure}()
#16 /var/www/html/vendor/laravel/framework/src/Illuminate/Database/Eloquent/Relations/HasOneOrMany.php(339): tap()
#17 /var/www/html/app/Http/Controllers/Ajax/ChatController.php(61): Illuminate\\Database\\Eloquent\\Relations\\HasOneOrMany->create()
#18 /var/www/html/vendor/laravel/framework/src/Illuminate/Routing/Controller.php(54): App\\Http\\Controllers\\Ajax\\ChatController->create()
#19 /var/www/html/vendor/laravel/framework/src/Illuminate/Routing/ControllerDispatcher.php(43): Illuminate\\Routing\\Controller->callAction()
#20 /var/www/html/vendor/laravel/framework/src/Illuminate/Routing/Route.php(260): Illuminate\\Routing\\ControllerDispatcher->dispatch()
#21 /var/www/html/vendor/laravel/framework/src/Illuminate/Routing/Route.php(206): Illuminate\\Routing\\Route->runController()
#22 /var/www/html/vendor/laravel/framework/src/Illuminate/Routing/Router.php(806): Illuminate\\Routing\\Route->run()
#23 /var/www/html/vendor/laravel/framework/src/Illuminate/Pipeline/Pipeline.php(144): Illuminate\\Routing\\Router->Illuminate\\Routing\\{closure}()
#24 /var/www/html/vendor/laravel/framework/src/Illuminate/Routing/Middleware/SubstituteBindings.php(50): Illuminate\\Pipeline\\Pipeline->Illuminate\\Pipeline\\{closure}()
#25 /var/www/html/vendor/laravel/framework/src/Illuminate/Pipeline/Pipeline.php(183): Illuminate\\Routing\\Middleware\\SubstituteBindings->handle()
#26 /var/www/html/vendor/laravel/framework/src/Illuminate/Auth/Middleware/Authenticate.php(64): Illuminate\\Pipeline\\Pipeline->Illuminate\\Pipeline\\{closure}()
#27 /var/www/html/vendor/laravel/framework/src/Illuminate/Pipeline/Pipeline.php(183): Illuminate\\Auth\\Middleware\\Authenticate->handle()
#28 /var/www/html/vendor/laravel/framework/src/Illuminate/Foundation/Http/Middleware/VerifyCsrfToken.php(88): Illuminate\\Pipeline\\Pipeline->Illuminate\\Pipeline\\{closure}()
#29 /var/www/html/vendor/laravel/framework/src/Illuminate/Pipeline/Pipeline.php(183): Illuminate\\Foundation\\Http\\Middleware\\VerifyCsrfToken->handle()
#30 /var/www/html/vendor/laravel/framework/src/Illuminate/View/Middleware/ShareErrorsFromSession.php(49): Illuminate\\Pipeline\\Pipeline->Illuminate\\Pipeline\\{closure}()
#31 /var/www/html/vendor/laravel/framework/src/Illuminate/Pipeline/Pipeline.php(183): Illuminate\\View\\Middleware\\ShareErrorsFromSession->handle()
#32 /var/www/html/vendor/laravel/framework/src/Illuminate/Session/Middleware/StartSession.php(121): Illuminate\\Pipeline\\Pipeline->Illuminate\\Pipeline\\{closure}()
#33 /var/www/html/vendor/laravel/framework/src/Illuminate/Session/Middleware/StartSession.php(64): Illuminate\\Session\\Middleware\\StartSession->handleStatefulRequest()
#34 /var/www/html/vendor/laravel/framework/src/Illuminate/Pipeline/Pipeline.php(183): Illuminate\\Session\\Middleware\\StartSession->handle()
#35 /var/www/html/vendor/laravel/framework/src/Illuminate/Cookie/Middleware/AddQueuedCookiesToResponse.php(37): Illuminate\\Pipeline\\Pipeline->Illuminate\\Pipeline\\{closure}()
#36 /var/www/html/vendor/laravel/framework/src/Illuminate/Pipeline/Pipeline.php(183): Illuminate\\Cookie\\Middleware\\AddQueuedCookiesToResponse->handle()
#37 /var/www/html/vendor/laravel/framework/src/Illuminate/Cookie/Middleware/EncryptCookies.php(75): Illuminate\\Pipeline\\Pipeline->Illuminate\\Pipeline\\{closure}()
#38 /var/www/html/vendor/laravel/framework/src/Illuminate/Pipeline/Pipeline.php(183): Illuminate\\Cookie\\Middleware\\EncryptCookies->handle()
#39 /var/www/html/vendor/laravel/framework/src/Illuminate/Pipeline/Pipeline.php(119): Illuminate\\Pipeline\\Pipeline->Illuminate\\Pipeline\\{closure}()
#40 /var/www/html/vendor/laravel/framework/src/Illuminate/Routing/Router.php(805): Illuminate\\Pipeline\\Pipeline->then()
#41 /var/www/html/vendor/laravel/framework/src/Illuminate/Routing/Router.php(784): Illuminate\\Routing\\Router->runRouteWithinStack()
#42 /var/www/html/vendor/laravel/framework/src/Illuminate/Routing/Router.php(748): Illuminate\\Routing\\Router->runRoute()
#43 /var/www/html/vendor/laravel/framework/src/Illuminate/Routing/Router.php(737): Illuminate\\Routing\\Router->dispatchToRoute()
#44 /var/www/html/vendor/laravel/framework/src/Illuminate/Foundation/Http/Kernel.php(200): Illuminate\\Routing\\Router->dispatch()
#45 /var/www/html/vendor/laravel/framework/src/Illuminate/Pipeline/Pipeline.php(144): Illuminate\\Foundation\\Http\\Kernel->Illuminate\\Foundation\\Http\\{closure}()
#46 /var/www/html/vendor/livewire/livewire/src/Features/SupportDisablingBackButtonCache/DisableBackButtonCacheMiddleware.php(19): Illuminate\\Pipeline\\Pipeline->Illuminate\\Pipeline\\{closure}()
#47 /var/www/html/vendor/laravel/framework/src/Illuminate/Pipeline/Pipeline.php(183): Livewire\\Features\\SupportDisablingBackButtonCache\\DisableBackButtonCacheMiddleware->handle()
#48 /var/www/html/vendor/barryvdh/laravel-debugbar/src/Middleware/InjectDebugbar.php(66): Illuminate\\Pipeline\\Pipeline->Illuminate\\Pipeline\\{closure}()
#49 /var/www/html/vendor/laravel/framework/src/Illuminate/Pipeline/Pipeline.php(183): Barryvdh\\Debugbar\\Middleware\\InjectDebugbar->handle()
#50 /var/www/html/vendor/laravel/framework/src/Illuminate/Foundation/Http/Middleware/TransformsRequest.php(21): Illuminate\\Pipeline\\Pipeline->Illuminate\\Pipeline\\{closure}()
#51 /var/www/html/vendor/laravel/framework/src/Illuminate/Foundation/Http/Middleware/ConvertEmptyStringsToNull.php(31): Illuminate\\Foundation\\Http\\Middleware\\TransformsRequest->handle()
#52 /var/www/html/vendor/laravel/framework/src/Illuminate/Pipeline/Pipeline.php(183): Illuminate\\Foundation\\Http\\Middleware\\ConvertEmptyStringsToNull->handle()
#53 /var/www/html/vendor/laravel/framework/src/Illuminate/Foundation/Http/Middleware/TransformsRequest.php(21): Illuminate\\Pipeline\\Pipeline->Illuminate\\Pipeline\\{closure}()
#54 /var/www/html/vendor/laravel/framework/src/Illuminate/Foundation/Http/Middleware/TrimStrings.php(51): Illuminate\\Foundation\\Http\\Middleware\\TransformsRequest->handle()
#55 /var/www/html/vendor/laravel/framework/src/Illuminate/Pipeline/Pipeline.php(183): Illuminate\\Foundation\\Http\\Middleware\\TrimStrings->handle()
#56 /var/www/html/vendor/laravel/framework/src/Illuminate/Http/Middleware/ValidatePostSize.php(27): Illuminate\\Pipeline\\Pipeline->Illuminate\\Pipeline\\{closure}()
#57 /var/www/html/vendor/laravel/framework/src/Illuminate/Pipeline/Pipeline.php(183): Illuminate\\Http\\Middleware\\ValidatePostSize->handle()
#58 /var/www/html/vendor/laravel/framework/src/Illuminate/Foundation/Http/Middleware/PreventRequestsDuringMaintenance.php(110): Illuminate\\Pipeline\\Pipeline->Illuminate\\Pipeline\\{closure}()
#59 /var/www/html/vendor/laravel/framework/src/Illuminate/Pipeline/Pipeline.php(183): Illuminate\\Foundation\\Http\\Middleware\\PreventRequestsDuringMaintenance->handle()
#60 /var/www/html/vendor/laravel/framework/src/Illuminate/Http/Middleware/HandleCors.php(49): Illuminate\\Pipeline\\Pipeline->Illuminate\\Pipeline\\{closure}()
#61 /var/www/html/vendor/laravel/framework/src/Illuminate/Pipeline/Pipeline.php(183): Illuminate\\Http\\Middleware\\HandleCors->handle()
#62 /var/www/html/vendor/laravel/framework/src/Illuminate/Http/Middleware/TrustProxies.php(57): Illuminate\\Pipeline\\Pipeline->Illuminate\\Pipeline\\{closure}()
#63 /var/www/html/vendor/laravel/framework/src/Illuminate/Pipeline/Pipeline.php(183): Illuminate\\Http\\Middleware\\TrustProxies->handle()
#64 /var/www/html/vendor/laravel/framework/src/Illuminate/Pipeline/Pipeline.php(119): Illuminate\\Pipeline\\Pipeline->Illuminate\\Pipeline\\{closure}()
#65 /var/www/html/vendor/laravel/framework/src/Illuminate/Foundation/Http/Kernel.php(175): Illuminate\\Pipeline\\Pipeline->then()
#66 /var/www/html/vendor/laravel/framework/src/Illuminate/Foundation/Http/Kernel.php(144): Illuminate\\Foundation\\Http\\Kernel->sendRequestThroughRouter()
#67 /var/www/html/vendor/laravel/framework/src/Illuminate/Foundation/Application.php(1172): Illuminate\\Foundation\\Http\\Kernel->handle()
#68 /var/www/html/public/index.php(17): Illuminate\\Foundation\\Application->handleRequest()
#69 /var/www/html/vendor/laravel/framework/src/Illuminate/Foundation/resources/server.php(16): require_once('...')
#70 {main}
"} 
