[2024-07-05 19:00:44] local.INFO: auth_user_info START  
[2024-07-05 19:00:44] local.INFO: auth_user_info END  
[2024-07-05 19:00:44] local.INFO: auth login redirectTo user = stdClass Object
(
    [id] => 1
    [name] => 新冨泰明
    [email] => shintomi.sh@gmail.com
    [email_verified_at] => 
    [organization_id] => 1
    [user_id] => 1
    [login_flg] => 2
    [admin_flg] => 2
    [created_at] => 2022-10-20T03:00:00.000000Z
    [updated_at] => 2024-05-27T03:06:38.000000Z
    [deleted_at] => 
)
  
[2024-07-05 19:00:44] local.INFO: loginout operation update START  
[2024-07-05 19:00:44] local.INFO: loginout operation update $id < 10 END  
[2024-07-05 19:00:49] local.INFO: auth_user_info START  
[2024-07-05 19:00:49] local.INFO: auth_user_info END  
[2024-07-05 19:00:49] local.INFO: office top index START $user->name = 新冨泰明  
[2024-07-05 19:00:49] local.INFO: auth_user_organization START  
[2024-07-05 19:00:49] local.INFO: auth_user_organization END  
[2024-07-05 19:00:50] local.INFO: auth_customer_allrec START  
[2024-07-05 19:00:50] local.INFO: auth_customer_findrec END  
[2024-07-05 19:00:50] local.DEBUG: office top index customer_id  = 19  
[2024-07-05 19:00:50] local.INFO: office top index END $user->name = 新冨泰明  
[2024-07-05 19:01:17] local.INFO: ChatController index START  
[2024-07-05 19:01:17] local.INFO: auth_user_info START  
[2024-07-05 19:01:17] local.INFO: auth_user_info END  
[2024-07-05 19:01:17] local.INFO: auth_customer_allrec START  
[2024-07-05 19:01:17] local.INFO: auth_customer_findrec END  
[2024-07-05 19:01:17] local.INFO: chattop_json_put_info_set START  
[2024-07-05 19:01:17] local.INFO: chattop_json_put_info_set END  
[2024-07-05 19:01:17] local.INFO: ChatController index END  
[2024-07-05 19:01:20] local.INFO: Ajax ChatController index START  
[2024-07-05 19:01:20] local.INFO: auth_user_info START  
[2024-07-05 19:01:20] local.INFO: auth_user_info END  
[2024-07-05 19:01:20] local.DEBUG: Ajax ChatClientController index  $user_id = 1  
[2024-07-05 19:01:20] local.INFO: Ajax ChatController index END  
[2024-07-05 19:03:31] local.INFO: auth_user_info START  
[2024-07-05 19:03:31] local.INFO: auth_user_info END  
[2024-07-05 19:03:31] local.INFO: auth login redirectTo user = stdClass Object
(
    [id] => 11
    [name] => 田中 健太郎
    [email] => user11@gmail.com
    [email_verified_at] => 
    [organization_id] => 1
    [user_id] => 11
    [login_flg] => 1
    [admin_flg] => 1
    [created_at] => 2023-09-28T16:00:00.000000Z
    [updated_at] => 2024-06-22T22:46:05.000000Z
    [deleted_at] => 
)
  
[2024-07-05 19:03:31] local.INFO: loginout operation update START  
[2024-07-05 19:03:31] local.INFO: beginTransaction - loginout operation update start  
[2024-07-05 19:03:31] local.INFO: beginTransaction - loginout operation update end(commit)  
[2024-07-05 19:03:31] local.INFO: loginout operation update END  
[2024-07-05 19:03:34] local.INFO: auth_user_info START  
[2024-07-05 19:03:34] local.INFO: auth_user_info END  
[2024-07-05 19:03:34] local.INFO: topclient index START $user->name = 田中 健太郎  
[2024-07-05 19:03:34] local.INFO: topclient index END $user->name = 田中 健太郎  
[2024-07-05 19:03:40] local.INFO: ChatClientController index START  
[2024-07-05 19:03:40] local.INFO: auth_user_info START  
[2024-07-05 19:03:40] local.INFO: auth_user_info END  
[2024-07-05 19:03:40] local.DEBUG: ChatClientController index  $user_id = 1  
[2024-07-05 19:03:40] local.INFO: chatcli_json_put_info_set START  
[2024-07-05 19:03:40] local.INFO: chatcli_json_put_info_set END  
[2024-07-05 19:03:40] local.INFO: ChatClientController index END  
[2024-07-05 19:03:43] local.INFO: Ajax ChatClientController index START  
[2024-07-05 19:03:43] local.INFO: auth_user_info START  
[2024-07-05 19:03:43] local.INFO: auth_user_info END  
[2024-07-05 19:03:43] local.DEBUG: Ajax ChatClientController index  ログインユーザーの$user_id = 11  
[2024-07-05 19:03:43] local.INFO: Ajax ChatClientController index END  
[2024-07-05 19:16:47] local.INFO: auth logout redirectTo user = stdClass Object
(
    [id] => 11
    [name] => 田中 健太郎
    [email] => user11@gmail.com
    [email_verified_at] => 
    [organization_id] => 1
    [user_id] => 11
    [login_flg] => 1
    [admin_flg] => 1
    [created_at] => 2023-09-28T16:00:00.000000Z
    [updated_at] => 2024-06-22T22:46:05.000000Z
    [deleted_at] => 
)
  
[2024-07-05 19:16:47] local.INFO: loginout operation update START  
[2024-07-05 19:16:47] local.INFO: beginTransaction - loginout operation update start  
[2024-07-05 19:16:47] local.INFO: beginTransaction - loginout operation update end(commit)  
[2024-07-05 19:16:47] local.INFO: loginout operation update END  
[2024-07-05 19:17:07] local.INFO: auth_user_info START  
[2024-07-05 19:17:07] local.INFO: auth_user_info END  
[2024-07-05 19:17:07] local.INFO: auth login redirectTo user = stdClass Object
(
    [id] => 11
    [name] => 田中 健太郎
    [email] => user11@gmail.com
    [email_verified_at] => 
    [organization_id] => 1
    [user_id] => 11
    [login_flg] => 1
    [admin_flg] => 1
    [created_at] => 2023-09-28T16:00:00.000000Z
    [updated_at] => 2024-06-22T22:46:05.000000Z
    [deleted_at] => 
)
  
[2024-07-05 19:17:07] local.INFO: loginout operation update START  
[2024-07-05 19:17:07] local.INFO: beginTransaction - loginout operation update start  
[2024-07-05 19:17:08] local.INFO: beginTransaction - loginout operation update end(commit)  
[2024-07-05 19:17:08] local.INFO: loginout operation update END  
[2024-07-05 19:17:10] local.INFO: auth_user_info START  
[2024-07-05 19:17:10] local.INFO: auth_user_info END  
[2024-07-05 19:17:10] local.INFO: topclient index START $user->name = 田中 健太郎  
[2024-07-05 19:17:10] local.INFO: topclient index END $user->name = 田中 健太郎  
[2024-07-05 19:17:14] local.INFO: auth logout redirectTo user = stdClass Object
(
    [id] => 1
    [name] => 新冨泰明
    [email] => shintomi.sh@gmail.com
    [email_verified_at] => 
    [organization_id] => 1
    [user_id] => 1
    [login_flg] => 2
    [admin_flg] => 2
    [created_at] => 2022-10-20T03:00:00.000000Z
    [updated_at] => 2024-05-27T03:06:38.000000Z
    [deleted_at] => 
)
  
[2024-07-05 19:17:14] local.INFO: loginout operation update START  
[2024-07-05 19:17:14] local.INFO: loginout operation update $id < 10 END  
[2024-07-05 19:17:17] local.INFO: ChatClientController index START  
[2024-07-05 19:17:17] local.INFO: auth_user_info START  
[2024-07-05 19:17:17] local.INFO: auth_user_info END  
[2024-07-05 19:17:17] local.DEBUG: ChatClientController index  $user_id = 1  
[2024-07-05 19:17:17] local.INFO: chatcli_json_put_info_set START  
[2024-07-05 19:17:17] local.INFO: chatcli_json_put_info_set END  
[2024-07-05 19:17:17] local.INFO: ChatClientController index END  
[2024-07-05 19:17:23] local.INFO: Ajax ChatClientController index START  
[2024-07-05 19:17:23] local.INFO: auth_user_info START  
[2024-07-05 19:17:23] local.INFO: auth_user_info END  
[2024-07-05 19:17:23] local.DEBUG: Ajax ChatClientController index  ログインユーザーの$user_id = 11  
[2024-07-05 19:17:23] local.INFO: Ajax ChatClientController index END  
[2024-07-05 19:17:57] local.INFO: auth_user_info START  
[2024-07-05 19:17:57] local.INFO: auth_user_info END  
[2024-07-05 19:17:57] local.INFO: auth login redirectTo user = stdClass Object
(
    [id] => 8
    [name] => プール先生08
    [email] => dummy08@gmail.com
    [email_verified_at] => 
    [organization_id] => 1
    [user_id] => 1
    [login_flg] => 3
    [admin_flg] => 1
    [created_at] => 2023-09-28T16:00:00.000000Z
    [updated_at] => 2024-07-05T10:17:57.000000Z
    [deleted_at] => 
)
  
[2024-07-05 19:17:57] local.INFO: loginout operation update START  
[2024-07-05 19:17:57] local.INFO: loginout operation update $id < 10 END  
[2024-07-05 19:18:00] local.INFO: auth_user_info START  
[2024-07-05 19:18:00] local.INFO: auth_user_info END  
[2024-07-05 19:18:00] local.INFO: office top index START $user->name = プール先生08  
[2024-07-05 19:18:00] local.INFO: auth_user_organization START  
[2024-07-05 19:18:00] local.INFO: auth_user_organization END  
[2024-07-05 19:18:00] local.ERROR: Method App\Http\Controllers\TopController::auth_customer_allrec does not exist. {"userId":8,"exception":"[object] (BadMethodCallException(code: 0): Method App\\Http\\Controllers\\TopController::auth_customer_allrec does not exist. at /var/www/html/vendor/laravel/framework/src/Illuminate/Routing/Controller.php:68)
[2024-07-05 19:21:00] local.INFO: auth_user_info START  
[2024-07-05 19:21:00] local.INFO: auth_user_info END  
[2024-07-05 19:21:00] local.INFO: office top index START $user->name = プール先生08  
[2024-07-05 19:21:00] local.INFO: auth_user_organization START  
[2024-07-05 19:21:00] local.INFO: auth_user_organization END  
[2024-07-05 19:21:00] local.INFO: auth_customer_individual START  
[2024-07-05 19:21:00] local.INFO: auth_customer_individual END  
[2024-07-05 19:21:00] local.DEBUG: office top index customer_id  = 19  
[2024-07-05 19:21:00] local.INFO: office top index END $user->name = プール先生08  
[2024-07-05 19:21:07] local.INFO: ChatController index START  
[2024-07-05 19:21:07] local.INFO: auth_user_info START  
[2024-07-05 19:21:07] local.INFO: auth_user_info END  
[2024-07-05 19:21:07] local.INFO: auth_customer_individual START  
[2024-07-05 19:21:07] local.INFO: auth_customer_individual END  
[2024-07-05 19:21:07] local.INFO: chattop_json_put_info_set START  
[2024-07-05 19:21:07] local.INFO: chattop_json_put_info_set END  
[2024-07-05 19:21:07] local.INFO: ChatController index END  
[2024-07-05 19:21:10] local.INFO: Ajax ChatController index START  
[2024-07-05 19:21:10] local.INFO: auth_user_info START  
[2024-07-05 19:21:10] local.INFO: auth_user_info END  
[2024-07-05 19:21:10] local.DEBUG: Ajax ChatClientController index  $user_id = 8  
[2024-07-05 19:21:10] local.INFO: Ajax ChatController index END  
